{"/home/sam/dev/music-api/src/controllers/albumController.js": {"path":"/home/sam/dev/music-api/src/controllers/albumController.js","statementMap":{"0":{"start":{"line":1,"column":40},"end":{"line":1,"column":60}},"1":{"start":{"line":2,"column":15},"end":{"line":2,"column":32}},"2":{"start":{"line":3,"column":11},"end":{"line":3,"column":37}},"3":{"start":{"line":4,"column":14},"end":{"line":4,"column":22}},"4":{"start":{"line":5,"column":20},"end":{"line":5,"column":69}},"5":{"start":{"line":7,"column":24},"end":{"line":39,"column":1}},"6":{"start":{"line":8,"column":4},"end":{"line":37,"column":5}},"7":{"start":{"line":10,"column":28},"end":{"line":10,"column":56}},"8":{"start":{"line":11,"column":8},"end":{"line":13,"column":9}},"9":{"start":{"line":12,"column":12},"end":{"line":12,"column":73}},"10":{"start":{"line":15,"column":27},"end":{"line":15,"column":53}},"11":{"start":{"line":18,"column":8},"end":{"line":22,"column":9}},"12":{"start":{"line":19,"column":12},"end":{"line":19,"column":73}},"13":{"start":{"line":20,"column":15},"end":{"line":22,"column":9}},"14":{"start":{"line":21,"column":12},"end":{"line":21,"column":74}},"15":{"start":{"line":25,"column":47},"end":{"line":25,"column":55}},"16":{"start":{"line":26,"column":22},"end":{"line":31,"column":10}},"17":{"start":{"line":33,"column":8},"end":{"line":33,"column":36}},"18":{"start":{"line":35,"column":8},"end":{"line":35,"column":71}},"19":{"start":{"line":36,"column":8},"end":{"line":36,"column":80}},"20":{"start":{"line":40,"column":22},"end":{"line":59,"column":1}},"21":{"start":{"line":41,"column":4},"end":{"line":57,"column":5}},"22":{"start":{"line":43,"column":23},"end":{"line":43,"column":44}},"23":{"start":{"line":46,"column":8},"end":{"line":52,"column":9}},"24":{"start":{"line":48,"column":12},"end":{"line":48,"column":41}},"25":{"start":{"line":51,"column":12},"end":{"line":51,"column":68}},"26":{"start":{"line":55,"column":8},"end":{"line":55,"column":66}},"27":{"start":{"line":56,"column":8},"end":{"line":56,"column":78}},"28":{"start":{"line":60,"column":22},"end":{"line":82,"column":1}},"29":{"start":{"line":61,"column":4},"end":{"line":81,"column":5}},"30":{"start":{"line":63,"column":22},"end":{"line":67,"column":10}},"31":{"start":{"line":70,"column":8},"end":{"line":76,"column":9}},"32":{"start":{"line":72,"column":12},"end":{"line":72,"column":40}},"33":{"start":{"line":75,"column":12},"end":{"line":75,"column":68}},"34":{"start":{"line":79,"column":8},"end":{"line":79,"column":71}},"35":{"start":{"line":80,"column":8},"end":{"line":80,"column":79}},"36":{"start":{"line":83,"column":24},"end":{"line":129,"column":1}},"37":{"start":{"line":84,"column":4},"end":{"line":127,"column":5}},"38":{"start":{"line":86,"column":28},"end":{"line":86,"column":56}},"39":{"start":{"line":87,"column":8},"end":{"line":89,"column":9}},"40":{"start":{"line":88,"column":12},"end":{"line":88,"column":72}},"41":{"start":{"line":92,"column":27},"end":{"line":92,"column":53}},"42":{"start":{"line":95,"column":8},"end":{"line":99,"column":9}},"43":{"start":{"line":96,"column":12},"end":{"line":96,"column":73}},"44":{"start":{"line":97,"column":15},"end":{"line":99,"column":9}},"45":{"start":{"line":98,"column":12},"end":{"line":98,"column":74}},"46":{"start":{"line":102,"column":22},"end":{"line":102,"column":62}},"47":{"start":{"line":105,"column":8},"end":{"line":107,"column":9}},"48":{"start":{"line":106,"column":12},"end":{"line":106,"column":75}},"49":{"start":{"line":110,"column":24},"end":{"line":114,"column":10}},"50":{"start":{"line":117,"column":8},"end":{"line":121,"column":9}},"51":{"start":{"line":118,"column":12},"end":{"line":118,"column":67}},"52":{"start":{"line":120,"column":12},"end":{"line":120,"column":92}},"53":{"start":{"line":125,"column":8},"end":{"line":125,"column":74}},"54":{"start":{"line":126,"column":8},"end":{"line":126,"column":81}},"55":{"start":{"line":130,"column":24},"end":{"line":185,"column":1}},"56":{"start":{"line":132,"column":4},"end":{"line":183,"column":5}},"57":{"start":{"line":134,"column":28},"end":{"line":134,"column":56}},"58":{"start":{"line":135,"column":8},"end":{"line":137,"column":9}},"59":{"start":{"line":136,"column":12},"end":{"line":136,"column":72}},"60":{"start":{"line":140,"column":27},"end":{"line":140,"column":53}},"61":{"start":{"line":143,"column":8},"end":{"line":147,"column":9}},"62":{"start":{"line":144,"column":12},"end":{"line":144,"column":73}},"63":{"start":{"line":145,"column":15},"end":{"line":147,"column":9}},"64":{"start":{"line":146,"column":12},"end":{"line":146,"column":74}},"65":{"start":{"line":150,"column":30},"end":{"line":150,"column":70}},"66":{"start":{"line":153,"column":8},"end":{"line":155,"column":9}},"67":{"start":{"line":154,"column":12},"end":{"line":154,"column":75}},"68":{"start":{"line":158,"column":47},"end":{"line":158,"column":55}},"69":{"start":{"line":161,"column":35},"end":{"line":168,"column":9}},"70":{"start":{"line":171,"column":8},"end":{"line":177,"column":9}},"71":{"start":{"line":173,"column":33},"end":{"line":173,"column":73}},"72":{"start":{"line":174,"column":12},"end":{"line":174,"column":54}},"73":{"start":{"line":176,"column":12},"end":{"line":176,"column":91}},"74":{"start":{"line":181,"column":8},"end":{"line":181,"column":79}},"75":{"start":{"line":182,"column":8},"end":{"line":182,"column":80}},"76":{"start":{"line":188,"column":0},"end":{"line":194,"column":1}}},"fnMap":{"0":{"name":"(anonymous_0)","decl":{"start":{"line":7,"column":24},"end":{"line":7,"column":25}},"loc":{"start":{"line":7,"column":44},"end":{"line":39,"column":1}},"line":7},"1":{"name":"(anonymous_1)","decl":{"start":{"line":40,"column":22},"end":{"line":40,"column":23}},"loc":{"start":{"line":40,"column":42},"end":{"line":59,"column":1}},"line":40},"2":{"name":"(anonymous_2)","decl":{"start":{"line":60,"column":22},"end":{"line":60,"column":23}},"loc":{"start":{"line":60,"column":42},"end":{"line":82,"column":1}},"line":60},"3":{"name":"(anonymous_3)","decl":{"start":{"line":83,"column":24},"end":{"line":83,"column":25}},"loc":{"start":{"line":83,"column":44},"end":{"line":129,"column":1}},"line":83},"4":{"name":"(anonymous_4)","decl":{"start":{"line":130,"column":24},"end":{"line":130,"column":25}},"loc":{"start":{"line":130,"column":44},"end":{"line":185,"column":1}},"line":130}},"branchMap":{"0":{"loc":{"start":{"line":11,"column":8},"end":{"line":13,"column":9}},"type":"if","locations":[{"start":{"line":11,"column":8},"end":{"line":13,"column":9}},{"start":{},"end":{}}],"line":11},"1":{"loc":{"start":{"line":18,"column":8},"end":{"line":22,"column":9}},"type":"if","locations":[{"start":{"line":18,"column":8},"end":{"line":22,"column":9}},{"start":{"line":20,"column":15},"end":{"line":22,"column":9}}],"line":18},"2":{"loc":{"start":{"line":20,"column":15},"end":{"line":22,"column":9}},"type":"if","locations":[{"start":{"line":20,"column":15},"end":{"line":22,"column":9}},{"start":{},"end":{}}],"line":20},"3":{"loc":{"start":{"line":46,"column":8},"end":{"line":52,"column":9}},"type":"if","locations":[{"start":{"line":46,"column":8},"end":{"line":52,"column":9}},{"start":{"line":49,"column":15},"end":{"line":52,"column":9}}],"line":46},"4":{"loc":{"start":{"line":70,"column":8},"end":{"line":76,"column":9}},"type":"if","locations":[{"start":{"line":70,"column":8},"end":{"line":76,"column":9}},{"start":{"line":73,"column":15},"end":{"line":76,"column":9}}],"line":70},"5":{"loc":{"start":{"line":87,"column":8},"end":{"line":89,"column":9}},"type":"if","locations":[{"start":{"line":87,"column":8},"end":{"line":89,"column":9}},{"start":{},"end":{}}],"line":87},"6":{"loc":{"start":{"line":95,"column":8},"end":{"line":99,"column":9}},"type":"if","locations":[{"start":{"line":95,"column":8},"end":{"line":99,"column":9}},{"start":{"line":97,"column":15},"end":{"line":99,"column":9}}],"line":95},"7":{"loc":{"start":{"line":97,"column":15},"end":{"line":99,"column":9}},"type":"if","locations":[{"start":{"line":97,"column":15},"end":{"line":99,"column":9}},{"start":{},"end":{}}],"line":97},"8":{"loc":{"start":{"line":105,"column":8},"end":{"line":107,"column":9}},"type":"if","locations":[{"start":{"line":105,"column":8},"end":{"line":107,"column":9}},{"start":{},"end":{}}],"line":105},"9":{"loc":{"start":{"line":117,"column":8},"end":{"line":121,"column":9}},"type":"if","locations":[{"start":{"line":117,"column":8},"end":{"line":121,"column":9}},{"start":{"line":119,"column":15},"end":{"line":121,"column":9}}],"line":117},"10":{"loc":{"start":{"line":135,"column":8},"end":{"line":137,"column":9}},"type":"if","locations":[{"start":{"line":135,"column":8},"end":{"line":137,"column":9}},{"start":{},"end":{}}],"line":135},"11":{"loc":{"start":{"line":143,"column":8},"end":{"line":147,"column":9}},"type":"if","locations":[{"start":{"line":143,"column":8},"end":{"line":147,"column":9}},{"start":{"line":145,"column":15},"end":{"line":147,"column":9}}],"line":143},"12":{"loc":{"start":{"line":145,"column":15},"end":{"line":147,"column":9}},"type":"if","locations":[{"start":{"line":145,"column":15},"end":{"line":147,"column":9}},{"start":{},"end":{}}],"line":145},"13":{"loc":{"start":{"line":153,"column":8},"end":{"line":155,"column":9}},"type":"if","locations":[{"start":{"line":153,"column":8},"end":{"line":155,"column":9}},{"start":{},"end":{}}],"line":153},"14":{"loc":{"start":{"line":171,"column":8},"end":{"line":177,"column":9}},"type":"if","locations":[{"start":{"line":171,"column":8},"end":{"line":177,"column":9}},{"start":{"line":175,"column":15},"end":{"line":177,"column":9}}],"line":171}},"s":{"0":1,"1":1,"2":1,"3":1,"4":1,"5":1,"6":5,"7":5,"8":5,"9":1,"10":4,"11":3,"12":1,"13":2,"14":1,"15":1,"16":1,"17":1,"18":1,"19":1,"20":1,"21":3,"22":3,"23":2,"24":1,"25":1,"26":1,"27":1,"28":1,"29":1,"30":1,"31":1,"32":1,"33":0,"34":0,"35":0,"36":1,"37":0,"38":0,"39":0,"40":0,"41":0,"42":0,"43":0,"44":0,"45":0,"46":0,"47":0,"48":0,"49":0,"50":0,"51":0,"52":0,"53":0,"54":0,"55":1,"56":0,"57":0,"58":0,"59":0,"60":0,"61":0,"62":0,"63":0,"64":0,"65":0,"66":0,"67":0,"68":0,"69":0,"70":0,"71":0,"72":0,"73":0,"74":0,"75":0,"76":1},"f":{"0":5,"1":3,"2":1,"3":0,"4":0},"b":{"0":[1,4],"1":[1,2],"2":[1,1],"3":[1,1],"4":[1,0],"5":[0,0],"6":[0,0],"7":[0,0],"8":[0,0],"9":[0,0],"10":[0,0],"11":[0,0],"12":[0,0],"13":[0,0],"14":[0,0]},"_coverageSchema":"1a1c01bbd47fc00a2c39e90264f33305004495a9","hash":"a44fd5e9fd47a912d68c4c12cf9c2fae0b082154"}
,"/home/sam/dev/music-api/src/controllers/artistController.js": {"path":"/home/sam/dev/music-api/src/controllers/artistController.js","statementMap":{"0":{"start":{"line":1,"column":40},"end":{"line":1,"column":60}},"1":{"start":{"line":2,"column":15},"end":{"line":2,"column":32}},"2":{"start":{"line":3,"column":11},"end":{"line":3,"column":37}},"3":{"start":{"line":4,"column":15},"end":{"line":4,"column":24}},"4":{"start":{"line":5,"column":20},"end":{"line":5,"column":69}},"5":{"start":{"line":7,"column":25},"end":{"line":34,"column":1}},"6":{"start":{"line":8,"column":4},"end":{"line":32,"column":5}},"7":{"start":{"line":9,"column":28},"end":{"line":9,"column":56}},"8":{"start":{"line":10,"column":8},"end":{"line":12,"column":9}},"9":{"start":{"line":11,"column":12},"end":{"line":11,"column":72}},"10":{"start":{"line":14,"column":27},"end":{"line":14,"column":53}},"11":{"start":{"line":15,"column":8},"end":{"line":19,"column":9}},"12":{"start":{"line":16,"column":12},"end":{"line":16,"column":73}},"13":{"start":{"line":17,"column":15},"end":{"line":19,"column":9}},"14":{"start":{"line":18,"column":12},"end":{"line":18,"column":74}},"15":{"start":{"line":21,"column":36},"end":{"line":21,"column":44}},"16":{"start":{"line":22,"column":23},"end":{"line":26,"column":10}},"17":{"start":{"line":28,"column":8},"end":{"line":28,"column":44}},"18":{"start":{"line":30,"column":8},"end":{"line":30,"column":66}},"19":{"start":{"line":31,"column":8},"end":{"line":31,"column":87}},"20":{"start":{"line":37,"column":23},"end":{"line":50,"column":1}},"21":{"start":{"line":38,"column":4},"end":{"line":48,"column":5}},"22":{"start":{"line":39,"column":24},"end":{"line":39,"column":46}},"23":{"start":{"line":40,"column":8},"end":{"line":44,"column":9}},"24":{"start":{"line":41,"column":12},"end":{"line":41,"column":49}},"25":{"start":{"line":43,"column":12},"end":{"line":43,"column":76}},"26":{"start":{"line":46,"column":8},"end":{"line":46,"column":59}},"27":{"start":{"line":47,"column":8},"end":{"line":47,"column":86}},"28":{"start":{"line":52,"column":23},"end":{"line":64,"column":1}},"29":{"start":{"line":53,"column":4},"end":{"line":63,"column":5}},"30":{"start":{"line":54,"column":23},"end":{"line":54,"column":65}},"31":{"start":{"line":55,"column":8},"end":{"line":59,"column":9}},"32":{"start":{"line":56,"column":12},"end":{"line":56,"column":88}},"33":{"start":{"line":58,"column":12},"end":{"line":58,"column":48}},"34":{"start":{"line":61,"column":8},"end":{"line":61,"column":92}},"35":{"start":{"line":62,"column":8},"end":{"line":62,"column":87}},"36":{"start":{"line":65,"column":25},"end":{"line":94,"column":1}},"37":{"start":{"line":67,"column":4},"end":{"line":92,"column":5}},"38":{"start":{"line":68,"column":28},"end":{"line":68,"column":56}},"39":{"start":{"line":69,"column":8},"end":{"line":71,"column":9}},"40":{"start":{"line":70,"column":12},"end":{"line":70,"column":72}},"41":{"start":{"line":73,"column":27},"end":{"line":73,"column":53}},"42":{"start":{"line":74,"column":8},"end":{"line":78,"column":9}},"43":{"start":{"line":75,"column":12},"end":{"line":75,"column":73}},"44":{"start":{"line":76,"column":15},"end":{"line":78,"column":9}},"45":{"start":{"line":77,"column":12},"end":{"line":77,"column":74}},"46":{"start":{"line":80,"column":31},"end":{"line":80,"column":73}},"47":{"start":{"line":81,"column":8},"end":{"line":83,"column":9}},"48":{"start":{"line":82,"column":12},"end":{"line":82,"column":76}},"49":{"start":{"line":85,"column":24},"end":{"line":85,"column":91}},"50":{"start":{"line":86,"column":8},"end":{"line":88,"column":9}},"51":{"start":{"line":87,"column":12},"end":{"line":87,"column":67}},"52":{"start":{"line":90,"column":8},"end":{"line":90,"column":93}},"53":{"start":{"line":91,"column":8},"end":{"line":91,"column":88}},"54":{"start":{"line":95,"column":25},"end":{"line":126,"column":1}},"55":{"start":{"line":96,"column":4},"end":{"line":124,"column":5}},"56":{"start":{"line":97,"column":28},"end":{"line":97,"column":56}},"57":{"start":{"line":98,"column":8},"end":{"line":100,"column":9}},"58":{"start":{"line":99,"column":12},"end":{"line":99,"column":72}},"59":{"start":{"line":102,"column":27},"end":{"line":102,"column":53}},"60":{"start":{"line":103,"column":8},"end":{"line":107,"column":9}},"61":{"start":{"line":104,"column":12},"end":{"line":104,"column":73}},"62":{"start":{"line":105,"column":15},"end":{"line":107,"column":9}},"63":{"start":{"line":106,"column":12},"end":{"line":106,"column":74}},"64":{"start":{"line":109,"column":36},"end":{"line":109,"column":44}},"65":{"start":{"line":110,"column":31},"end":{"line":110,"column":73}},"66":{"start":{"line":111,"column":8},"end":{"line":113,"column":9}},"67":{"start":{"line":112,"column":12},"end":{"line":112,"column":76}},"68":{"start":{"line":115,"column":8},"end":{"line":118,"column":10}},"69":{"start":{"line":119,"column":30},"end":{"line":119,"column":72}},"70":{"start":{"line":120,"column":8},"end":{"line":120,"column":51}},"71":{"start":{"line":122,"column":8},"end":{"line":122,"column":93}},"72":{"start":{"line":123,"column":8},"end":{"line":123,"column":82}},"73":{"start":{"line":128,"column":0},"end":{"line":136,"column":1}}},"fnMap":{"0":{"name":"(anonymous_0)","decl":{"start":{"line":7,"column":25},"end":{"line":7,"column":26}},"loc":{"start":{"line":7,"column":45},"end":{"line":34,"column":1}},"line":7},"1":{"name":"(anonymous_1)","decl":{"start":{"line":37,"column":23},"end":{"line":37,"column":24}},"loc":{"start":{"line":37,"column":43},"end":{"line":50,"column":1}},"line":37},"2":{"name":"(anonymous_2)","decl":{"start":{"line":52,"column":23},"end":{"line":52,"column":24}},"loc":{"start":{"line":52,"column":43},"end":{"line":64,"column":1}},"line":52},"3":{"name":"(anonymous_3)","decl":{"start":{"line":65,"column":25},"end":{"line":65,"column":26}},"loc":{"start":{"line":65,"column":45},"end":{"line":94,"column":1}},"line":65},"4":{"name":"(anonymous_4)","decl":{"start":{"line":95,"column":25},"end":{"line":95,"column":26}},"loc":{"start":{"line":95,"column":45},"end":{"line":126,"column":1}},"line":95}},"branchMap":{"0":{"loc":{"start":{"line":10,"column":8},"end":{"line":12,"column":9}},"type":"if","locations":[{"start":{"line":10,"column":8},"end":{"line":12,"column":9}},{"start":{},"end":{}}],"line":10},"1":{"loc":{"start":{"line":15,"column":8},"end":{"line":19,"column":9}},"type":"if","locations":[{"start":{"line":15,"column":8},"end":{"line":19,"column":9}},{"start":{"line":17,"column":15},"end":{"line":19,"column":9}}],"line":15},"2":{"loc":{"start":{"line":17,"column":15},"end":{"line":19,"column":9}},"type":"if","locations":[{"start":{"line":17,"column":15},"end":{"line":19,"column":9}},{"start":{},"end":{}}],"line":17},"3":{"loc":{"start":{"line":40,"column":8},"end":{"line":44,"column":9}},"type":"if","locations":[{"start":{"line":40,"column":8},"end":{"line":44,"column":9}},{"start":{"line":42,"column":15},"end":{"line":44,"column":9}}],"line":40},"4":{"loc":{"start":{"line":55,"column":8},"end":{"line":59,"column":9}},"type":"if","locations":[{"start":{"line":55,"column":8},"end":{"line":59,"column":9}},{"start":{"line":57,"column":15},"end":{"line":59,"column":9}}],"line":55},"5":{"loc":{"start":{"line":69,"column":8},"end":{"line":71,"column":9}},"type":"if","locations":[{"start":{"line":69,"column":8},"end":{"line":71,"column":9}},{"start":{},"end":{}}],"line":69},"6":{"loc":{"start":{"line":74,"column":8},"end":{"line":78,"column":9}},"type":"if","locations":[{"start":{"line":74,"column":8},"end":{"line":78,"column":9}},{"start":{"line":76,"column":15},"end":{"line":78,"column":9}}],"line":74},"7":{"loc":{"start":{"line":76,"column":15},"end":{"line":78,"column":9}},"type":"if","locations":[{"start":{"line":76,"column":15},"end":{"line":78,"column":9}},{"start":{},"end":{}}],"line":76},"8":{"loc":{"start":{"line":81,"column":8},"end":{"line":83,"column":9}},"type":"if","locations":[{"start":{"line":81,"column":8},"end":{"line":83,"column":9}},{"start":{},"end":{}}],"line":81},"9":{"loc":{"start":{"line":86,"column":8},"end":{"line":88,"column":9}},"type":"if","locations":[{"start":{"line":86,"column":8},"end":{"line":88,"column":9}},{"start":{},"end":{}}],"line":86},"10":{"loc":{"start":{"line":98,"column":8},"end":{"line":100,"column":9}},"type":"if","locations":[{"start":{"line":98,"column":8},"end":{"line":100,"column":9}},{"start":{},"end":{}}],"line":98},"11":{"loc":{"start":{"line":103,"column":8},"end":{"line":107,"column":9}},"type":"if","locations":[{"start":{"line":103,"column":8},"end":{"line":107,"column":9}},{"start":{"line":105,"column":15},"end":{"line":107,"column":9}}],"line":103},"12":{"loc":{"start":{"line":105,"column":15},"end":{"line":107,"column":9}},"type":"if","locations":[{"start":{"line":105,"column":15},"end":{"line":107,"column":9}},{"start":{},"end":{}}],"line":105},"13":{"loc":{"start":{"line":111,"column":8},"end":{"line":113,"column":9}},"type":"if","locations":[{"start":{"line":111,"column":8},"end":{"line":113,"column":9}},{"start":{},"end":{}}],"line":111}},"s":{"0":0,"1":0,"2":0,"3":0,"4":0,"5":0,"6":0,"7":0,"8":0,"9":0,"10":0,"11":0,"12":0,"13":0,"14":0,"15":0,"16":0,"17":0,"18":0,"19":0,"20":0,"21":0,"22":0,"23":0,"24":0,"25":0,"26":0,"27":0,"28":0,"29":0,"30":0,"31":0,"32":0,"33":0,"34":0,"35":0,"36":0,"37":0,"38":0,"39":0,"40":0,"41":0,"42":0,"43":0,"44":0,"45":0,"46":0,"47":0,"48":0,"49":0,"50":0,"51":0,"52":0,"53":0,"54":0,"55":0,"56":0,"57":0,"58":0,"59":0,"60":0,"61":0,"62":0,"63":0,"64":0,"65":0,"66":0,"67":0,"68":0,"69":0,"70":0,"71":0,"72":0,"73":0},"f":{"0":0,"1":0,"2":0,"3":0,"4":0},"b":{"0":[0,0],"1":[0,0],"2":[0,0],"3":[0,0],"4":[0,0],"5":[0,0],"6":[0,0],"7":[0,0],"8":[0,0],"9":[0,0],"10":[0,0],"11":[0,0],"12":[0,0],"13":[0,0]}}
,"/home/sam/dev/music-api/src/controllers/authController.js": {"path":"/home/sam/dev/music-api/src/controllers/authController.js","statementMap":{"0":{"start":{"line":1,"column":40},"end":{"line":1,"column":60}},"1":{"start":{"line":2,"column":15},"end":{"line":2,"column":32}},"2":{"start":{"line":3,"column":15},"end":{"line":3,"column":32}},"3":{"start":{"line":4,"column":11},"end":{"line":4,"column":37}},"4":{"start":{"line":5,"column":13},"end":{"line":5,"column":20}},"5":{"start":{"line":6,"column":24},"end":{"line":6,"column":54}},"6":{"start":{"line":7,"column":0},"end":{"line":7,"column":25}},"7":{"start":{"line":11,"column":14},"end":{"line":39,"column":1}},"8":{"start":{"line":12,"column":4},"end":{"line":36,"column":5}},"9":{"start":{"line":13,"column":36},"end":{"line":13,"column":44}},"10":{"start":{"line":14,"column":21},"end":{"line":18,"column":10}},"11":{"start":{"line":20,"column":8},"end":{"line":32,"column":9}},"12":{"start":{"line":21,"column":34},"end":{"line":21,"column":79}},"13":{"start":{"line":23,"column":12},"end":{"line":29,"column":13}},"14":{"start":{"line":24,"column":31},"end":{"line":24,"column":49}},"15":{"start":{"line":25,"column":30},"end":{"line":25,"column":61}},"16":{"start":{"line":26,"column":16},"end":{"line":26,"column":64}},"17":{"start":{"line":28,"column":16},"end":{"line":28,"column":90}},"18":{"start":{"line":31,"column":12},"end":{"line":31,"column":86}},"19":{"start":{"line":34,"column":8},"end":{"line":34,"column":61}},"20":{"start":{"line":35,"column":8},"end":{"line":35,"column":82}},"21":{"start":{"line":43,"column":0},"end":{"line":45,"column":1}}},"fnMap":{"0":{"name":"(anonymous_0)","decl":{"start":{"line":11,"column":14},"end":{"line":11,"column":15}},"loc":{"start":{"line":11,"column":34},"end":{"line":39,"column":1}},"line":11}},"branchMap":{"0":{"loc":{"start":{"line":20,"column":8},"end":{"line":32,"column":9}},"type":"if","locations":[{"start":{"line":20,"column":8},"end":{"line":32,"column":9}},{"start":{"line":30,"column":15},"end":{"line":32,"column":9}}],"line":20},"1":{"loc":{"start":{"line":23,"column":12},"end":{"line":29,"column":13}},"type":"if","locations":[{"start":{"line":23,"column":12},"end":{"line":29,"column":13}},{"start":{"line":27,"column":19},"end":{"line":29,"column":13}}],"line":23}},"s":{"0":0,"1":0,"2":0,"3":0,"4":0,"5":0,"6":0,"7":0,"8":0,"9":0,"10":0,"11":0,"12":0,"13":0,"14":0,"15":0,"16":0,"17":0,"18":0,"19":0,"20":0,"21":0},"f":{"0":0},"b":{"0":[0,0],"1":[0,0]}}
,"/home/sam/dev/music-api/src/controllers/categoryController.js": {"path":"/home/sam/dev/music-api/src/controllers/categoryController.js","statementMap":{"0":{"start":{"line":1,"column":40},"end":{"line":1,"column":60}},"1":{"start":{"line":2,"column":15},"end":{"line":2,"column":32}},"2":{"start":{"line":3,"column":11},"end":{"line":3,"column":37}},"3":{"start":{"line":4,"column":17},"end":{"line":4,"column":28}},"4":{"start":{"line":5,"column":19},"end":{"line":5,"column":68}},"5":{"start":{"line":8,"column":27},"end":{"line":30,"column":1}},"6":{"start":{"line":9,"column":4},"end":{"line":29,"column":5}},"7":{"start":{"line":10,"column":25},"end":{"line":10,"column":33}},"8":{"start":{"line":11,"column":33},"end":{"line":15,"column":10}},"9":{"start":{"line":17,"column":8},"end":{"line":25,"column":9}},"10":{"start":{"line":18,"column":12},"end":{"line":18,"column":99}},"11":{"start":{"line":20,"column":32},"end":{"line":23,"column":14}},"12":{"start":{"line":24,"column":12},"end":{"line":24,"column":53}},"13":{"start":{"line":27,"column":8},"end":{"line":27,"column":68}},"14":{"start":{"line":28,"column":8},"end":{"line":28,"column":89}},"15":{"start":{"line":32,"column":26},"end":{"line":45,"column":1}},"16":{"start":{"line":33,"column":4},"end":{"line":44,"column":5}},"17":{"start":{"line":34,"column":27},"end":{"line":34,"column":51}},"18":{"start":{"line":36,"column":8},"end":{"line":40,"column":9}},"19":{"start":{"line":37,"column":12},"end":{"line":37,"column":52}},"20":{"start":{"line":39,"column":12},"end":{"line":39,"column":78}},"21":{"start":{"line":42,"column":8},"end":{"line":42,"column":63}},"22":{"start":{"line":43,"column":8},"end":{"line":43,"column":84}},"23":{"start":{"line":47,"column":28},"end":{"line":81,"column":1}},"24":{"start":{"line":48,"column":4},"end":{"line":80,"column":5}},"25":{"start":{"line":49,"column":28},"end":{"line":49,"column":56}},"26":{"start":{"line":50,"column":8},"end":{"line":52,"column":9}},"27":{"start":{"line":51,"column":12},"end":{"line":51,"column":72}},"28":{"start":{"line":54,"column":27},"end":{"line":54,"column":53}},"29":{"start":{"line":56,"column":8},"end":{"line":60,"column":9}},"30":{"start":{"line":57,"column":12},"end":{"line":57,"column":73}},"31":{"start":{"line":58,"column":15},"end":{"line":60,"column":9}},"32":{"start":{"line":59,"column":12},"end":{"line":59,"column":74}},"33":{"start":{"line":62,"column":33},"end":{"line":62,"column":79}},"34":{"start":{"line":64,"column":8},"end":{"line":66,"column":9}},"35":{"start":{"line":65,"column":12},"end":{"line":65,"column":77}},"36":{"start":{"line":68,"column":24},"end":{"line":72,"column":10}},"37":{"start":{"line":74,"column":8},"end":{"line":76,"column":9}},"38":{"start":{"line":75,"column":12},"end":{"line":75,"column":75}},"39":{"start":{"line":78,"column":8},"end":{"line":78,"column":62}},"40":{"start":{"line":79,"column":8},"end":{"line":79,"column":87}},"41":{"start":{"line":82,"column":25},"end":{"line":94,"column":1}},"42":{"start":{"line":83,"column":4},"end":{"line":93,"column":5}},"43":{"start":{"line":84,"column":25},"end":{"line":84,"column":71}},"44":{"start":{"line":85,"column":8},"end":{"line":89,"column":9}},"45":{"start":{"line":86,"column":12},"end":{"line":86,"column":77}},"46":{"start":{"line":88,"column":12},"end":{"line":88,"column":50}},"47":{"start":{"line":91,"column":8},"end":{"line":91,"column":104}},"48":{"start":{"line":92,"column":8},"end":{"line":92,"column":95}},"49":{"start":{"line":95,"column":27},"end":{"line":133,"column":1}},"50":{"start":{"line":96,"column":4},"end":{"line":132,"column":5}},"51":{"start":{"line":97,"column":28},"end":{"line":97,"column":56}},"52":{"start":{"line":98,"column":8},"end":{"line":100,"column":9}},"53":{"start":{"line":99,"column":12},"end":{"line":99,"column":72}},"54":{"start":{"line":102,"column":27},"end":{"line":102,"column":53}},"55":{"start":{"line":103,"column":8},"end":{"line":107,"column":9}},"56":{"start":{"line":104,"column":12},"end":{"line":104,"column":73}},"57":{"start":{"line":105,"column":15},"end":{"line":107,"column":9}},"58":{"start":{"line":106,"column":12},"end":{"line":106,"column":74}},"59":{"start":{"line":109,"column":25},"end":{"line":109,"column":33}},"60":{"start":{"line":110,"column":33},"end":{"line":114,"column":10}},"61":{"start":{"line":116,"column":8},"end":{"line":118,"column":9}},"62":{"start":{"line":117,"column":12},"end":{"line":117,"column":99}},"63":{"start":{"line":120,"column":33},"end":{"line":120,"column":79}},"64":{"start":{"line":121,"column":8},"end":{"line":123,"column":9}},"65":{"start":{"line":122,"column":12},"end":{"line":122,"column":77}},"66":{"start":{"line":125,"column":8},"end":{"line":125,"column":91}},"67":{"start":{"line":126,"column":32},"end":{"line":126,"column":78}},"68":{"start":{"line":127,"column":8},"end":{"line":127,"column":53}},"69":{"start":{"line":130,"column":8},"end":{"line":130,"column":64}},"70":{"start":{"line":131,"column":8},"end":{"line":131,"column":86}},"71":{"start":{"line":135,"column":0},"end":{"line":141,"column":1}}},"fnMap":{"0":{"name":"(anonymous_0)","decl":{"start":{"line":8,"column":27},"end":{"line":8,"column":28}},"loc":{"start":{"line":8,"column":47},"end":{"line":30,"column":1}},"line":8},"1":{"name":"(anonymous_1)","decl":{"start":{"line":32,"column":26},"end":{"line":32,"column":27}},"loc":{"start":{"line":32,"column":46},"end":{"line":45,"column":1}},"line":32},"2":{"name":"(anonymous_2)","decl":{"start":{"line":47,"column":28},"end":{"line":47,"column":29}},"loc":{"start":{"line":47,"column":48},"end":{"line":81,"column":1}},"line":47},"3":{"name":"(anonymous_3)","decl":{"start":{"line":82,"column":25},"end":{"line":82,"column":26}},"loc":{"start":{"line":82,"column":44},"end":{"line":94,"column":1}},"line":82},"4":{"name":"(anonymous_4)","decl":{"start":{"line":95,"column":27},"end":{"line":95,"column":28}},"loc":{"start":{"line":95,"column":47},"end":{"line":133,"column":1}},"line":95}},"branchMap":{"0":{"loc":{"start":{"line":17,"column":8},"end":{"line":25,"column":9}},"type":"if","locations":[{"start":{"line":17,"column":8},"end":{"line":25,"column":9}},{"start":{"line":19,"column":15},"end":{"line":25,"column":9}}],"line":17},"1":{"loc":{"start":{"line":36,"column":8},"end":{"line":40,"column":9}},"type":"if","locations":[{"start":{"line":36,"column":8},"end":{"line":40,"column":9}},{"start":{"line":38,"column":15},"end":{"line":40,"column":9}}],"line":36},"2":{"loc":{"start":{"line":50,"column":8},"end":{"line":52,"column":9}},"type":"if","locations":[{"start":{"line":50,"column":8},"end":{"line":52,"column":9}},{"start":{},"end":{}}],"line":50},"3":{"loc":{"start":{"line":56,"column":8},"end":{"line":60,"column":9}},"type":"if","locations":[{"start":{"line":56,"column":8},"end":{"line":60,"column":9}},{"start":{"line":58,"column":15},"end":{"line":60,"column":9}}],"line":56},"4":{"loc":{"start":{"line":58,"column":15},"end":{"line":60,"column":9}},"type":"if","locations":[{"start":{"line":58,"column":15},"end":{"line":60,"column":9}},{"start":{},"end":{}}],"line":58},"5":{"loc":{"start":{"line":64,"column":8},"end":{"line":66,"column":9}},"type":"if","locations":[{"start":{"line":64,"column":8},"end":{"line":66,"column":9}},{"start":{},"end":{}}],"line":64},"6":{"loc":{"start":{"line":74,"column":8},"end":{"line":76,"column":9}},"type":"if","locations":[{"start":{"line":74,"column":8},"end":{"line":76,"column":9}},{"start":{},"end":{}}],"line":74},"7":{"loc":{"start":{"line":85,"column":8},"end":{"line":89,"column":9}},"type":"if","locations":[{"start":{"line":85,"column":8},"end":{"line":89,"column":9}},{"start":{"line":87,"column":15},"end":{"line":89,"column":9}}],"line":85},"8":{"loc":{"start":{"line":98,"column":8},"end":{"line":100,"column":9}},"type":"if","locations":[{"start":{"line":98,"column":8},"end":{"line":100,"column":9}},{"start":{},"end":{}}],"line":98},"9":{"loc":{"start":{"line":103,"column":8},"end":{"line":107,"column":9}},"type":"if","locations":[{"start":{"line":103,"column":8},"end":{"line":107,"column":9}},{"start":{"line":105,"column":15},"end":{"line":107,"column":9}}],"line":103},"10":{"loc":{"start":{"line":105,"column":15},"end":{"line":107,"column":9}},"type":"if","locations":[{"start":{"line":105,"column":15},"end":{"line":107,"column":9}},{"start":{},"end":{}}],"line":105},"11":{"loc":{"start":{"line":116,"column":8},"end":{"line":118,"column":9}},"type":"if","locations":[{"start":{"line":116,"column":8},"end":{"line":118,"column":9}},{"start":{},"end":{}}],"line":116},"12":{"loc":{"start":{"line":116,"column":12},"end":{"line":116,"column":86}},"type":"binary-expr","locations":[{"start":{"line":116,"column":12},"end":{"line":116,"column":28}},{"start":{"line":116,"column":32},"end":{"line":116,"column":86}}],"line":116},"13":{"loc":{"start":{"line":121,"column":8},"end":{"line":123,"column":9}},"type":"if","locations":[{"start":{"line":121,"column":8},"end":{"line":123,"column":9}},{"start":{},"end":{}}],"line":121}},"s":{"0":0,"1":0,"2":0,"3":0,"4":0,"5":0,"6":0,"7":0,"8":0,"9":0,"10":0,"11":0,"12":0,"13":0,"14":0,"15":0,"16":0,"17":0,"18":0,"19":0,"20":0,"21":0,"22":0,"23":0,"24":0,"25":0,"26":0,"27":0,"28":0,"29":0,"30":0,"31":0,"32":0,"33":0,"34":0,"35":0,"36":0,"37":0,"38":0,"39":0,"40":0,"41":0,"42":0,"43":0,"44":0,"45":0,"46":0,"47":0,"48":0,"49":0,"50":0,"51":0,"52":0,"53":0,"54":0,"55":0,"56":0,"57":0,"58":0,"59":0,"60":0,"61":0,"62":0,"63":0,"64":0,"65":0,"66":0,"67":0,"68":0,"69":0,"70":0,"71":0},"f":{"0":0,"1":0,"2":0,"3":0,"4":0},"b":{"0":[0,0],"1":[0,0],"2":[0,0],"3":[0,0],"4":[0,0],"5":[0,0],"6":[0,0],"7":[0,0],"8":[0,0],"9":[0,0],"10":[0,0],"11":[0,0],"12":[0,0],"13":[0,0]}}
,"/home/sam/dev/music-api/src/controllers/musicController.js": {"path":"/home/sam/dev/music-api/src/controllers/musicController.js","statementMap":{"0":{"start":{"line":1,"column":40},"end":{"line":1,"column":60}},"1":{"start":{"line":2,"column":11},"end":{"line":2,"column":37}},"2":{"start":{"line":3,"column":15},"end":{"line":3,"column":32}},"3":{"start":{"line":4,"column":25},"end":{"line":4,"column":55}},"4":{"start":{"line":5,"column":14},"end":{"line":5,"column":22}},"5":{"start":{"line":6,"column":20},"end":{"line":6,"column":69}},"6":{"start":{"line":9,"column":24},"end":{"line":47,"column":1}},"7":{"start":{"line":12,"column":4},"end":{"line":46,"column":5}},"8":{"start":{"line":13,"column":28},"end":{"line":13,"column":56}},"9":{"start":{"line":14,"column":8},"end":{"line":16,"column":9}},"10":{"start":{"line":15,"column":12},"end":{"line":15,"column":72}},"11":{"start":{"line":18,"column":27},"end":{"line":18,"column":53}},"12":{"start":{"line":19,"column":8},"end":{"line":23,"column":9}},"13":{"start":{"line":20,"column":12},"end":{"line":20,"column":73}},"14":{"start":{"line":21,"column":15},"end":{"line":23,"column":9}},"15":{"start":{"line":22,"column":12},"end":{"line":22,"column":74}},"16":{"start":{"line":25,"column":73},"end":{"line":25,"column":81}},"17":{"start":{"line":26,"column":24},"end":{"line":26,"column":40}},"18":{"start":{"line":27,"column":23},"end":{"line":27,"column":50}},"19":{"start":{"line":29,"column":8},"end":{"line":31,"column":9}},"20":{"start":{"line":30,"column":12},"end":{"line":30,"column":62}},"21":{"start":{"line":33,"column":22},"end":{"line":40,"column":10}},"22":{"start":{"line":42,"column":8},"end":{"line":42,"column":43}},"23":{"start":{"line":44,"column":8},"end":{"line":44,"column":65}},"24":{"start":{"line":45,"column":8},"end":{"line":45,"column":87}},"25":{"start":{"line":51,"column":22},"end":{"line":65,"column":1}},"26":{"start":{"line":52,"column":4},"end":{"line":63,"column":5}},"27":{"start":{"line":53,"column":23},"end":{"line":53,"column":44}},"28":{"start":{"line":55,"column":8},"end":{"line":59,"column":9}},"29":{"start":{"line":56,"column":12},"end":{"line":56,"column":48}},"30":{"start":{"line":58,"column":12},"end":{"line":58,"column":79}},"31":{"start":{"line":61,"column":8},"end":{"line":61,"column":59}},"32":{"start":{"line":62,"column":8},"end":{"line":62,"column":80}},"33":{"start":{"line":67,"column":34},"end":{"line":86,"column":1}},"34":{"start":{"line":69,"column":4},"end":{"line":84,"column":5}},"35":{"start":{"line":70,"column":23},"end":{"line":74,"column":10}},"36":{"start":{"line":76,"column":8},"end":{"line":80,"column":9}},"37":{"start":{"line":77,"column":12},"end":{"line":77,"column":48}},"38":{"start":{"line":79,"column":12},"end":{"line":79,"column":92}},"39":{"start":{"line":82,"column":8},"end":{"line":82,"column":63}},"40":{"start":{"line":83,"column":8},"end":{"line":83,"column":84}},"41":{"start":{"line":89,"column":32},"end":{"line":107,"column":1}},"42":{"start":{"line":90,"column":4},"end":{"line":105,"column":5}},"43":{"start":{"line":91,"column":23},"end":{"line":95,"column":10}},"44":{"start":{"line":97,"column":8},"end":{"line":101,"column":9}},"45":{"start":{"line":98,"column":12},"end":{"line":98,"column":48}},"46":{"start":{"line":100,"column":12},"end":{"line":100,"column":90}},"47":{"start":{"line":103,"column":8},"end":{"line":103,"column":63}},"48":{"start":{"line":104,"column":8},"end":{"line":104,"column":84}},"49":{"start":{"line":110,"column":31},"end":{"line":128,"column":1}},"50":{"start":{"line":111,"column":4},"end":{"line":126,"column":5}},"51":{"start":{"line":112,"column":23},"end":{"line":116,"column":10}},"52":{"start":{"line":118,"column":8},"end":{"line":122,"column":9}},"53":{"start":{"line":119,"column":12},"end":{"line":119,"column":41}},"54":{"start":{"line":121,"column":12},"end":{"line":121,"column":82}},"55":{"start":{"line":124,"column":8},"end":{"line":124,"column":63}},"56":{"start":{"line":125,"column":8},"end":{"line":125,"column":77}},"57":{"start":{"line":131,"column":25},"end":{"line":168,"column":1}},"58":{"start":{"line":133,"column":4},"end":{"line":167,"column":5}},"59":{"start":{"line":134,"column":28},"end":{"line":134,"column":56}},"60":{"start":{"line":135,"column":8},"end":{"line":137,"column":9}},"61":{"start":{"line":136,"column":12},"end":{"line":136,"column":72}},"62":{"start":{"line":139,"column":27},"end":{"line":139,"column":53}},"63":{"start":{"line":141,"column":8},"end":{"line":145,"column":9}},"64":{"start":{"line":142,"column":12},"end":{"line":142,"column":73}},"65":{"start":{"line":143,"column":15},"end":{"line":145,"column":9}},"66":{"start":{"line":144,"column":12},"end":{"line":144,"column":74}},"67":{"start":{"line":147,"column":30},"end":{"line":147,"column":70}},"68":{"start":{"line":149,"column":8},"end":{"line":151,"column":9}},"69":{"start":{"line":150,"column":12},"end":{"line":150,"column":74}},"70":{"start":{"line":153,"column":24},"end":{"line":157,"column":10}},"71":{"start":{"line":159,"column":8},"end":{"line":163,"column":9}},"72":{"start":{"line":160,"column":12},"end":{"line":160,"column":67}},"73":{"start":{"line":162,"column":12},"end":{"line":162,"column":91}},"74":{"start":{"line":165,"column":8},"end":{"line":165,"column":48}},"75":{"start":{"line":166,"column":8},"end":{"line":166,"column":72}},"76":{"start":{"line":171,"column":24},"end":{"line":211,"column":1}},"77":{"start":{"line":173,"column":4},"end":{"line":209,"column":5}},"78":{"start":{"line":174,"column":28},"end":{"line":174,"column":56}},"79":{"start":{"line":175,"column":8},"end":{"line":177,"column":9}},"80":{"start":{"line":176,"column":12},"end":{"line":176,"column":72}},"81":{"start":{"line":179,"column":27},"end":{"line":179,"column":53}},"82":{"start":{"line":180,"column":8},"end":{"line":184,"column":9}},"83":{"start":{"line":181,"column":12},"end":{"line":181,"column":73}},"84":{"start":{"line":182,"column":15},"end":{"line":184,"column":9}},"85":{"start":{"line":183,"column":12},"end":{"line":183,"column":74}},"86":{"start":{"line":186,"column":30},"end":{"line":186,"column":70}},"87":{"start":{"line":187,"column":8},"end":{"line":189,"column":9}},"88":{"start":{"line":188,"column":12},"end":{"line":188,"column":74}},"89":{"start":{"line":191,"column":73},"end":{"line":191,"column":81}},"90":{"start":{"line":192,"column":23},"end":{"line":192,"column":59}},"91":{"start":{"line":194,"column":8},"end":{"line":196,"column":9}},"92":{"start":{"line":195,"column":12},"end":{"line":195,"column":62}},"93":{"start":{"line":198,"column":31},"end":{"line":198,"column":152}},"94":{"start":{"line":200,"column":8},"end":{"line":205,"column":9}},"95":{"start":{"line":201,"column":33},"end":{"line":201,"column":73}},"96":{"start":{"line":202,"column":12},"end":{"line":202,"column":54}},"97":{"start":{"line":204,"column":12},"end":{"line":204,"column":91}},"98":{"start":{"line":207,"column":8},"end":{"line":207,"column":85}},"99":{"start":{"line":208,"column":8},"end":{"line":208,"column":87}},"100":{"start":{"line":213,"column":17},"end":{"line":224,"column":1}},"101":{"start":{"line":214,"column":4},"end":{"line":223,"column":5}},"102":{"start":{"line":215,"column":22},"end":{"line":215,"column":62}},"103":{"start":{"line":216,"column":8},"end":{"line":218,"column":9}},"104":{"start":{"line":217,"column":12},"end":{"line":217,"column":74}},"105":{"start":{"line":219,"column":8},"end":{"line":219,"column":43}},"106":{"start":{"line":221,"column":8},"end":{"line":221,"column":83}},"107":{"start":{"line":222,"column":8},"end":{"line":222,"column":91}},"108":{"start":{"line":226,"column":0},"end":{"line":237,"column":1}}},"fnMap":{"0":{"name":"(anonymous_0)","decl":{"start":{"line":9,"column":24},"end":{"line":9,"column":25}},"loc":{"start":{"line":9,"column":44},"end":{"line":47,"column":1}},"line":9},"1":{"name":"(anonymous_1)","decl":{"start":{"line":51,"column":22},"end":{"line":51,"column":23}},"loc":{"start":{"line":51,"column":42},"end":{"line":65,"column":1}},"line":51},"2":{"name":"(anonymous_2)","decl":{"start":{"line":67,"column":34},"end":{"line":67,"column":35}},"loc":{"start":{"line":67,"column":54},"end":{"line":86,"column":1}},"line":67},"3":{"name":"(anonymous_3)","decl":{"start":{"line":89,"column":32},"end":{"line":89,"column":33}},"loc":{"start":{"line":89,"column":52},"end":{"line":107,"column":1}},"line":89},"4":{"name":"(anonymous_4)","decl":{"start":{"line":110,"column":31},"end":{"line":110,"column":32}},"loc":{"start":{"line":110,"column":51},"end":{"line":128,"column":1}},"line":110},"5":{"name":"(anonymous_5)","decl":{"start":{"line":131,"column":25},"end":{"line":131,"column":26}},"loc":{"start":{"line":131,"column":45},"end":{"line":168,"column":1}},"line":131},"6":{"name":"(anonymous_6)","decl":{"start":{"line":171,"column":24},"end":{"line":171,"column":25}},"loc":{"start":{"line":171,"column":44},"end":{"line":211,"column":1}},"line":171},"7":{"name":"(anonymous_7)","decl":{"start":{"line":213,"column":17},"end":{"line":213,"column":18}},"loc":{"start":{"line":213,"column":37},"end":{"line":224,"column":1}},"line":213}},"branchMap":{"0":{"loc":{"start":{"line":14,"column":8},"end":{"line":16,"column":9}},"type":"if","locations":[{"start":{"line":14,"column":8},"end":{"line":16,"column":9}},{"start":{},"end":{}}],"line":14},"1":{"loc":{"start":{"line":19,"column":8},"end":{"line":23,"column":9}},"type":"if","locations":[{"start":{"line":19,"column":8},"end":{"line":23,"column":9}},{"start":{"line":21,"column":15},"end":{"line":23,"column":9}}],"line":19},"2":{"loc":{"start":{"line":21,"column":15},"end":{"line":23,"column":9}},"type":"if","locations":[{"start":{"line":21,"column":15},"end":{"line":23,"column":9}},{"start":{},"end":{}}],"line":21},"3":{"loc":{"start":{"line":29,"column":8},"end":{"line":31,"column":9}},"type":"if","locations":[{"start":{"line":29,"column":8},"end":{"line":31,"column":9}},{"start":{},"end":{}}],"line":29},"4":{"loc":{"start":{"line":55,"column":8},"end":{"line":59,"column":9}},"type":"if","locations":[{"start":{"line":55,"column":8},"end":{"line":59,"column":9}},{"start":{"line":57,"column":15},"end":{"line":59,"column":9}}],"line":55},"5":{"loc":{"start":{"line":76,"column":8},"end":{"line":80,"column":9}},"type":"if","locations":[{"start":{"line":76,"column":8},"end":{"line":80,"column":9}},{"start":{"line":78,"column":15},"end":{"line":80,"column":9}}],"line":76},"6":{"loc":{"start":{"line":97,"column":8},"end":{"line":101,"column":9}},"type":"if","locations":[{"start":{"line":97,"column":8},"end":{"line":101,"column":9}},{"start":{"line":99,"column":15},"end":{"line":101,"column":9}}],"line":97},"7":{"loc":{"start":{"line":118,"column":8},"end":{"line":122,"column":9}},"type":"if","locations":[{"start":{"line":118,"column":8},"end":{"line":122,"column":9}},{"start":{"line":120,"column":15},"end":{"line":122,"column":9}}],"line":118},"8":{"loc":{"start":{"line":135,"column":8},"end":{"line":137,"column":9}},"type":"if","locations":[{"start":{"line":135,"column":8},"end":{"line":137,"column":9}},{"start":{},"end":{}}],"line":135},"9":{"loc":{"start":{"line":141,"column":8},"end":{"line":145,"column":9}},"type":"if","locations":[{"start":{"line":141,"column":8},"end":{"line":145,"column":9}},{"start":{"line":143,"column":15},"end":{"line":145,"column":9}}],"line":141},"10":{"loc":{"start":{"line":143,"column":15},"end":{"line":145,"column":9}},"type":"if","locations":[{"start":{"line":143,"column":15},"end":{"line":145,"column":9}},{"start":{},"end":{}}],"line":143},"11":{"loc":{"start":{"line":149,"column":8},"end":{"line":151,"column":9}},"type":"if","locations":[{"start":{"line":149,"column":8},"end":{"line":151,"column":9}},{"start":{},"end":{}}],"line":149},"12":{"loc":{"start":{"line":159,"column":8},"end":{"line":163,"column":9}},"type":"if","locations":[{"start":{"line":159,"column":8},"end":{"line":163,"column":9}},{"start":{"line":161,"column":15},"end":{"line":163,"column":9}}],"line":159},"13":{"loc":{"start":{"line":175,"column":8},"end":{"line":177,"column":9}},"type":"if","locations":[{"start":{"line":175,"column":8},"end":{"line":177,"column":9}},{"start":{},"end":{}}],"line":175},"14":{"loc":{"start":{"line":180,"column":8},"end":{"line":184,"column":9}},"type":"if","locations":[{"start":{"line":180,"column":8},"end":{"line":184,"column":9}},{"start":{"line":182,"column":15},"end":{"line":184,"column":9}}],"line":180},"15":{"loc":{"start":{"line":182,"column":15},"end":{"line":184,"column":9}},"type":"if","locations":[{"start":{"line":182,"column":15},"end":{"line":184,"column":9}},{"start":{},"end":{}}],"line":182},"16":{"loc":{"start":{"line":187,"column":8},"end":{"line":189,"column":9}},"type":"if","locations":[{"start":{"line":187,"column":8},"end":{"line":189,"column":9}},{"start":{},"end":{}}],"line":187},"17":{"loc":{"start":{"line":194,"column":8},"end":{"line":196,"column":9}},"type":"if","locations":[{"start":{"line":194,"column":8},"end":{"line":196,"column":9}},{"start":{},"end":{}}],"line":194},"18":{"loc":{"start":{"line":200,"column":8},"end":{"line":205,"column":9}},"type":"if","locations":[{"start":{"line":200,"column":8},"end":{"line":205,"column":9}},{"start":{"line":203,"column":15},"end":{"line":205,"column":9}}],"line":200},"19":{"loc":{"start":{"line":216,"column":8},"end":{"line":218,"column":9}},"type":"if","locations":[{"start":{"line":216,"column":8},"end":{"line":218,"column":9}},{"start":{},"end":{}}],"line":216}},"s":{"0":0,"1":0,"2":0,"3":0,"4":0,"5":0,"6":0,"7":0,"8":0,"9":0,"10":0,"11":0,"12":0,"13":0,"14":0,"15":0,"16":0,"17":0,"18":0,"19":0,"20":0,"21":0,"22":0,"23":0,"24":0,"25":0,"26":0,"27":0,"28":0,"29":0,"30":0,"31":0,"32":0,"33":0,"34":0,"35":0,"36":0,"37":0,"38":0,"39":0,"40":0,"41":0,"42":0,"43":0,"44":0,"45":0,"46":0,"47":0,"48":0,"49":0,"50":0,"51":0,"52":0,"53":0,"54":0,"55":0,"56":0,"57":0,"58":0,"59":0,"60":0,"61":0,"62":0,"63":0,"64":0,"65":0,"66":0,"67":0,"68":0,"69":0,"70":0,"71":0,"72":0,"73":0,"74":0,"75":0,"76":0,"77":0,"78":0,"79":0,"80":0,"81":0,"82":0,"83":0,"84":0,"85":0,"86":0,"87":0,"88":0,"89":0,"90":0,"91":0,"92":0,"93":0,"94":0,"95":0,"96":0,"97":0,"98":0,"99":0,"100":0,"101":0,"102":0,"103":0,"104":0,"105":0,"106":0,"107":0,"108":0},"f":{"0":0,"1":0,"2":0,"3":0,"4":0,"5":0,"6":0,"7":0},"b":{"0":[0,0],"1":[0,0],"2":[0,0],"3":[0,0],"4":[0,0],"5":[0,0],"6":[0,0],"7":[0,0],"8":[0,0],"9":[0,0],"10":[0,0],"11":[0,0],"12":[0,0],"13":[0,0],"14":[0,0],"15":[0,0],"16":[0,0],"17":[0,0],"18":[0,0],"19":[0,0]}}
,"/home/sam/dev/music-api/src/controllers/userController.js": {"path":"/home/sam/dev/music-api/src/controllers/userController.js","statementMap":{"0":{"start":{"line":1,"column":40},"end":{"line":1,"column":60}},"1":{"start":{"line":2,"column":15},"end":{"line":2,"column":32}},"2":{"start":{"line":3,"column":15},"end":{"line":3,"column":32}},"3":{"start":{"line":4,"column":11},"end":{"line":4,"column":37}},"4":{"start":{"line":5,"column":13},"end":{"line":5,"column":20}},"5":{"start":{"line":6,"column":25},"end":{"line":6,"column":55}},"6":{"start":{"line":7,"column":28},"end":{"line":7,"column":63}},"7":{"start":{"line":8,"column":24},"end":{"line":8,"column":59}},"8":{"start":{"line":9,"column":52},"end":{"line":9,"column":101}},"9":{"start":{"line":10,"column":0},"end":{"line":10,"column":25}},"10":{"start":{"line":13,"column":22},"end":{"line":53,"column":1}},"11":{"start":{"line":14,"column":4},"end":{"line":52,"column":5}},"12":{"start":{"line":15,"column":28},"end":{"line":15,"column":56}},"13":{"start":{"line":16,"column":8},"end":{"line":18,"column":9}},"14":{"start":{"line":17,"column":12},"end":{"line":17,"column":72}},"15":{"start":{"line":20,"column":27},"end":{"line":20,"column":53}},"16":{"start":{"line":21,"column":8},"end":{"line":25,"column":9}},"17":{"start":{"line":22,"column":12},"end":{"line":22,"column":73}},"18":{"start":{"line":23,"column":15},"end":{"line":25,"column":9}},"19":{"start":{"line":24,"column":12},"end":{"line":24,"column":74}},"20":{"start":{"line":27,"column":53},"end":{"line":27,"column":61}},"21":{"start":{"line":28,"column":27},"end":{"line":28,"column":67}},"22":{"start":{"line":29,"column":8},"end":{"line":31,"column":9}},"23":{"start":{"line":30,"column":12},"end":{"line":30,"column":79}},"24":{"start":{"line":33,"column":21},"end":{"line":33,"column":49}},"25":{"start":{"line":34,"column":23},"end":{"line":34,"column":74}},"26":{"start":{"line":35,"column":8},"end":{"line":37,"column":9}},"27":{"start":{"line":36,"column":12},"end":{"line":36,"column":63}},"28":{"start":{"line":39,"column":29},"end":{"line":39,"column":60}},"29":{"start":{"line":40,"column":24},"end":{"line":46,"column":10}},"30":{"start":{"line":47,"column":29},"end":{"line":47,"column":119}},"31":{"start":{"line":48,"column":8},"end":{"line":48,"column":50}},"32":{"start":{"line":50,"column":8},"end":{"line":50,"column":48}},"33":{"start":{"line":51,"column":8},"end":{"line":51,"column":98}},"34":{"start":{"line":54,"column":20},"end":{"line":78,"column":1}},"35":{"start":{"line":55,"column":4},"end":{"line":76,"column":5}},"36":{"start":{"line":56,"column":28},"end":{"line":56,"column":56}},"37":{"start":{"line":57,"column":8},"end":{"line":59,"column":9}},"38":{"start":{"line":58,"column":12},"end":{"line":58,"column":72}},"39":{"start":{"line":61,"column":27},"end":{"line":61,"column":53}},"40":{"start":{"line":62,"column":8},"end":{"line":66,"column":9}},"41":{"start":{"line":63,"column":12},"end":{"line":63,"column":73}},"42":{"start":{"line":64,"column":15},"end":{"line":66,"column":9}},"43":{"start":{"line":65,"column":12},"end":{"line":65,"column":74}},"44":{"start":{"line":68,"column":21},"end":{"line":68,"column":113}},"45":{"start":{"line":69,"column":8},"end":{"line":71,"column":9}},"46":{"start":{"line":70,"column":12},"end":{"line":70,"column":73}},"47":{"start":{"line":72,"column":8},"end":{"line":72,"column":42}},"48":{"start":{"line":74,"column":8},"end":{"line":74,"column":88}},"49":{"start":{"line":75,"column":8},"end":{"line":75,"column":84}},"50":{"start":{"line":80,"column":21},"end":{"line":103,"column":1}},"51":{"start":{"line":81,"column":4},"end":{"line":102,"column":5}},"52":{"start":{"line":82,"column":28},"end":{"line":82,"column":56}},"53":{"start":{"line":83,"column":8},"end":{"line":85,"column":9}},"54":{"start":{"line":84,"column":12},"end":{"line":84,"column":72}},"55":{"start":{"line":87,"column":27},"end":{"line":87,"column":53}},"56":{"start":{"line":88,"column":8},"end":{"line":92,"column":9}},"57":{"start":{"line":89,"column":12},"end":{"line":89,"column":73}},"58":{"start":{"line":90,"column":15},"end":{"line":92,"column":9}},"59":{"start":{"line":91,"column":12},"end":{"line":91,"column":74}},"60":{"start":{"line":94,"column":22},"end":{"line":94,"column":94}},"61":{"start":{"line":95,"column":8},"end":{"line":97,"column":9}},"62":{"start":{"line":96,"column":12},"end":{"line":96,"column":74}},"63":{"start":{"line":98,"column":8},"end":{"line":98,"column":43}},"64":{"start":{"line":100,"column":8},"end":{"line":100,"column":62}},"65":{"start":{"line":101,"column":8},"end":{"line":101,"column":83}},"66":{"start":{"line":105,"column":23},"end":{"line":137,"column":1}},"67":{"start":{"line":106,"column":4},"end":{"line":136,"column":5}},"68":{"start":{"line":107,"column":28},"end":{"line":107,"column":56}},"69":{"start":{"line":108,"column":8},"end":{"line":110,"column":9}},"70":{"start":{"line":109,"column":12},"end":{"line":109,"column":72}},"71":{"start":{"line":112,"column":27},"end":{"line":112,"column":53}},"72":{"start":{"line":113,"column":8},"end":{"line":117,"column":9}},"73":{"start":{"line":114,"column":12},"end":{"line":114,"column":73}},"74":{"start":{"line":115,"column":15},"end":{"line":117,"column":9}},"75":{"start":{"line":116,"column":12},"end":{"line":116,"column":74}},"76":{"start":{"line":119,"column":29},"end":{"line":119,"column":67}},"77":{"start":{"line":120,"column":8},"end":{"line":122,"column":9}},"78":{"start":{"line":121,"column":12},"end":{"line":121,"column":74}},"79":{"start":{"line":124,"column":24},"end":{"line":128,"column":10}},"80":{"start":{"line":129,"column":8},"end":{"line":131,"column":9}},"81":{"start":{"line":130,"column":12},"end":{"line":130,"column":67}},"82":{"start":{"line":132,"column":8},"end":{"line":132,"column":80}},"83":{"start":{"line":134,"column":8},"end":{"line":134,"column":58}},"84":{"start":{"line":135,"column":8},"end":{"line":135,"column":80}},"85":{"start":{"line":139,"column":23},"end":{"line":192,"column":1}},"86":{"start":{"line":140,"column":4},"end":{"line":191,"column":5}},"87":{"start":{"line":141,"column":28},"end":{"line":141,"column":56}},"88":{"start":{"line":142,"column":8},"end":{"line":144,"column":9}},"89":{"start":{"line":143,"column":12},"end":{"line":143,"column":72}},"90":{"start":{"line":146,"column":27},"end":{"line":146,"column":83}},"91":{"start":{"line":147,"column":8},"end":{"line":151,"column":9}},"92":{"start":{"line":148,"column":12},"end":{"line":148,"column":73}},"93":{"start":{"line":149,"column":15},"end":{"line":151,"column":9}},"94":{"start":{"line":150,"column":12},"end":{"line":150,"column":74}},"95":{"start":{"line":153,"column":29},"end":{"line":153,"column":67}},"96":{"start":{"line":154,"column":8},"end":{"line":156,"column":9}},"97":{"start":{"line":155,"column":12},"end":{"line":155,"column":73}},"98":{"start":{"line":158,"column":43},"end":{"line":158,"column":51}},"99":{"start":{"line":159,"column":21},"end":{"line":159,"column":49}},"100":{"start":{"line":160,"column":24},"end":{"line":160,"column":45}},"101":{"start":{"line":161,"column":23},"end":{"line":161,"column":50}},"102":{"start":{"line":163,"column":8},"end":{"line":165,"column":9}},"103":{"start":{"line":164,"column":12},"end":{"line":164,"column":63}},"104":{"start":{"line":167,"column":28},"end":{"line":167,"column":75}},"105":{"start":{"line":168,"column":8},"end":{"line":170,"column":9}},"106":{"start":{"line":169,"column":12},"end":{"line":169,"column":95}},"107":{"start":{"line":172,"column":25},"end":{"line":172,"column":54}},"108":{"start":{"line":175,"column":8},"end":{"line":179,"column":9}},"109":{"start":{"line":176,"column":12},"end":{"line":176,"column":117}},"110":{"start":{"line":178,"column":12},"end":{"line":178,"column":134}},"111":{"start":{"line":181,"column":8},"end":{"line":186,"column":9}},"112":{"start":{"line":182,"column":25},"end":{"line":182,"column":117}},"113":{"start":{"line":183,"column":12},"end":{"line":183,"column":46}},"114":{"start":{"line":185,"column":12},"end":{"line":185,"column":84}},"115":{"start":{"line":189,"column":8},"end":{"line":189,"column":58}},"116":{"start":{"line":190,"column":8},"end":{"line":190,"column":80}},"117":{"start":{"line":194,"column":23},"end":{"line":238,"column":1}},"118":{"start":{"line":195,"column":4},"end":{"line":236,"column":5}},"119":{"start":{"line":196,"column":28},"end":{"line":196,"column":56}},"120":{"start":{"line":197,"column":8},"end":{"line":199,"column":9}},"121":{"start":{"line":198,"column":12},"end":{"line":198,"column":72}},"122":{"start":{"line":201,"column":27},"end":{"line":201,"column":83}},"123":{"start":{"line":202,"column":8},"end":{"line":206,"column":9}},"124":{"start":{"line":203,"column":12},"end":{"line":203,"column":73}},"125":{"start":{"line":204,"column":15},"end":{"line":206,"column":9}},"126":{"start":{"line":205,"column":12},"end":{"line":205,"column":74}},"127":{"start":{"line":208,"column":61},"end":{"line":208,"column":69}},"128":{"start":{"line":209,"column":21},"end":{"line":209,"column":59}},"129":{"start":{"line":211,"column":8},"end":{"line":213,"column":9}},"130":{"start":{"line":212,"column":12},"end":{"line":212,"column":74}},"131":{"start":{"line":215,"column":24},"end":{"line":215,"column":58}},"132":{"start":{"line":216,"column":23},"end":{"line":216,"column":50}},"133":{"start":{"line":218,"column":8},"end":{"line":220,"column":9}},"134":{"start":{"line":219,"column":12},"end":{"line":219,"column":62}},"135":{"start":{"line":222,"column":22},"end":{"line":222,"column":67}},"136":{"start":{"line":223,"column":8},"end":{"line":225,"column":9}},"137":{"start":{"line":224,"column":12},"end":{"line":224,"column":78}},"138":{"start":{"line":227,"column":29},"end":{"line":227,"column":63}},"139":{"start":{"line":228,"column":8},"end":{"line":230,"column":11}},"140":{"start":{"line":232,"column":8},"end":{"line":232,"column":72}},"141":{"start":{"line":234,"column":8},"end":{"line":234,"column":62}},"142":{"start":{"line":235,"column":8},"end":{"line":235,"column":84}},"143":{"start":{"line":240,"column":0},"end":{"line":249,"column":1}}},"fnMap":{"0":{"name":"(anonymous_0)","decl":{"start":{"line":13,"column":22},"end":{"line":13,"column":23}},"loc":{"start":{"line":13,"column":42},"end":{"line":53,"column":1}},"line":13},"1":{"name":"(anonymous_1)","decl":{"start":{"line":54,"column":20},"end":{"line":54,"column":21}},"loc":{"start":{"line":54,"column":40},"end":{"line":78,"column":1}},"line":54},"2":{"name":"(anonymous_2)","decl":{"start":{"line":80,"column":21},"end":{"line":80,"column":22}},"loc":{"start":{"line":80,"column":41},"end":{"line":103,"column":1}},"line":80},"3":{"name":"(anonymous_3)","decl":{"start":{"line":105,"column":23},"end":{"line":105,"column":24}},"loc":{"start":{"line":105,"column":43},"end":{"line":137,"column":1}},"line":105},"4":{"name":"(anonymous_4)","decl":{"start":{"line":139,"column":23},"end":{"line":139,"column":24}},"loc":{"start":{"line":139,"column":43},"end":{"line":192,"column":1}},"line":139},"5":{"name":"(anonymous_5)","decl":{"start":{"line":194,"column":23},"end":{"line":194,"column":24}},"loc":{"start":{"line":194,"column":43},"end":{"line":238,"column":1}},"line":194}},"branchMap":{"0":{"loc":{"start":{"line":16,"column":8},"end":{"line":18,"column":9}},"type":"if","locations":[{"start":{"line":16,"column":8},"end":{"line":18,"column":9}},{"start":{},"end":{}}],"line":16},"1":{"loc":{"start":{"line":21,"column":8},"end":{"line":25,"column":9}},"type":"if","locations":[{"start":{"line":21,"column":8},"end":{"line":25,"column":9}},{"start":{"line":23,"column":15},"end":{"line":25,"column":9}}],"line":21},"2":{"loc":{"start":{"line":23,"column":15},"end":{"line":25,"column":9}},"type":"if","locations":[{"start":{"line":23,"column":15},"end":{"line":25,"column":9}},{"start":{},"end":{}}],"line":23},"3":{"loc":{"start":{"line":29,"column":8},"end":{"line":31,"column":9}},"type":"if","locations":[{"start":{"line":29,"column":8},"end":{"line":31,"column":9}},{"start":{},"end":{}}],"line":29},"4":{"loc":{"start":{"line":35,"column":8},"end":{"line":37,"column":9}},"type":"if","locations":[{"start":{"line":35,"column":8},"end":{"line":37,"column":9}},{"start":{},"end":{}}],"line":35},"5":{"loc":{"start":{"line":57,"column":8},"end":{"line":59,"column":9}},"type":"if","locations":[{"start":{"line":57,"column":8},"end":{"line":59,"column":9}},{"start":{},"end":{}}],"line":57},"6":{"loc":{"start":{"line":62,"column":8},"end":{"line":66,"column":9}},"type":"if","locations":[{"start":{"line":62,"column":8},"end":{"line":66,"column":9}},{"start":{"line":64,"column":15},"end":{"line":66,"column":9}}],"line":62},"7":{"loc":{"start":{"line":64,"column":15},"end":{"line":66,"column":9}},"type":"if","locations":[{"start":{"line":64,"column":15},"end":{"line":66,"column":9}},{"start":{},"end":{}}],"line":64},"8":{"loc":{"start":{"line":69,"column":8},"end":{"line":71,"column":9}},"type":"if","locations":[{"start":{"line":69,"column":8},"end":{"line":71,"column":9}},{"start":{},"end":{}}],"line":69},"9":{"loc":{"start":{"line":83,"column":8},"end":{"line":85,"column":9}},"type":"if","locations":[{"start":{"line":83,"column":8},"end":{"line":85,"column":9}},{"start":{},"end":{}}],"line":83},"10":{"loc":{"start":{"line":88,"column":8},"end":{"line":92,"column":9}},"type":"if","locations":[{"start":{"line":88,"column":8},"end":{"line":92,"column":9}},{"start":{"line":90,"column":15},"end":{"line":92,"column":9}}],"line":88},"11":{"loc":{"start":{"line":90,"column":15},"end":{"line":92,"column":9}},"type":"if","locations":[{"start":{"line":90,"column":15},"end":{"line":92,"column":9}},{"start":{},"end":{}}],"line":90},"12":{"loc":{"start":{"line":95,"column":8},"end":{"line":97,"column":9}},"type":"if","locations":[{"start":{"line":95,"column":8},"end":{"line":97,"column":9}},{"start":{},"end":{}}],"line":95},"13":{"loc":{"start":{"line":108,"column":8},"end":{"line":110,"column":9}},"type":"if","locations":[{"start":{"line":108,"column":8},"end":{"line":110,"column":9}},{"start":{},"end":{}}],"line":108},"14":{"loc":{"start":{"line":113,"column":8},"end":{"line":117,"column":9}},"type":"if","locations":[{"start":{"line":113,"column":8},"end":{"line":117,"column":9}},{"start":{"line":115,"column":15},"end":{"line":117,"column":9}}],"line":113},"15":{"loc":{"start":{"line":115,"column":15},"end":{"line":117,"column":9}},"type":"if","locations":[{"start":{"line":115,"column":15},"end":{"line":117,"column":9}},{"start":{},"end":{}}],"line":115},"16":{"loc":{"start":{"line":120,"column":8},"end":{"line":122,"column":9}},"type":"if","locations":[{"start":{"line":120,"column":8},"end":{"line":122,"column":9}},{"start":{},"end":{}}],"line":120},"17":{"loc":{"start":{"line":129,"column":8},"end":{"line":131,"column":9}},"type":"if","locations":[{"start":{"line":129,"column":8},"end":{"line":131,"column":9}},{"start":{},"end":{}}],"line":129},"18":{"loc":{"start":{"line":142,"column":8},"end":{"line":144,"column":9}},"type":"if","locations":[{"start":{"line":142,"column":8},"end":{"line":144,"column":9}},{"start":{},"end":{}}],"line":142},"19":{"loc":{"start":{"line":147,"column":8},"end":{"line":151,"column":9}},"type":"if","locations":[{"start":{"line":147,"column":8},"end":{"line":151,"column":9}},{"start":{"line":149,"column":15},"end":{"line":151,"column":9}}],"line":147},"20":{"loc":{"start":{"line":149,"column":15},"end":{"line":151,"column":9}},"type":"if","locations":[{"start":{"line":149,"column":15},"end":{"line":151,"column":9}},{"start":{},"end":{}}],"line":149},"21":{"loc":{"start":{"line":154,"column":8},"end":{"line":156,"column":9}},"type":"if","locations":[{"start":{"line":154,"column":8},"end":{"line":156,"column":9}},{"start":{},"end":{}}],"line":154},"22":{"loc":{"start":{"line":163,"column":8},"end":{"line":165,"column":9}},"type":"if","locations":[{"start":{"line":163,"column":8},"end":{"line":165,"column":9}},{"start":{},"end":{}}],"line":163},"23":{"loc":{"start":{"line":168,"column":8},"end":{"line":170,"column":9}},"type":"if","locations":[{"start":{"line":168,"column":8},"end":{"line":170,"column":9}},{"start":{},"end":{}}],"line":168},"24":{"loc":{"start":{"line":168,"column":12},"end":{"line":168,"column":68}},"type":"binary-expr","locations":[{"start":{"line":168,"column":12},"end":{"line":168,"column":23}},{"start":{"line":168,"column":27},"end":{"line":168,"column":68}}],"line":168},"25":{"loc":{"start":{"line":175,"column":8},"end":{"line":179,"column":9}},"type":"if","locations":[{"start":{"line":175,"column":8},"end":{"line":179,"column":9}},{"start":{"line":177,"column":15},"end":{"line":179,"column":9}}],"line":175},"26":{"loc":{"start":{"line":181,"column":8},"end":{"line":186,"column":9}},"type":"if","locations":[{"start":{"line":181,"column":8},"end":{"line":186,"column":9}},{"start":{"line":184,"column":15},"end":{"line":186,"column":9}}],"line":181},"27":{"loc":{"start":{"line":197,"column":8},"end":{"line":199,"column":9}},"type":"if","locations":[{"start":{"line":197,"column":8},"end":{"line":199,"column":9}},{"start":{},"end":{}}],"line":197},"28":{"loc":{"start":{"line":202,"column":8},"end":{"line":206,"column":9}},"type":"if","locations":[{"start":{"line":202,"column":8},"end":{"line":206,"column":9}},{"start":{"line":204,"column":15},"end":{"line":206,"column":9}}],"line":202},"29":{"loc":{"start":{"line":204,"column":15},"end":{"line":206,"column":9}},"type":"if","locations":[{"start":{"line":204,"column":15},"end":{"line":206,"column":9}},{"start":{},"end":{}}],"line":204},"30":{"loc":{"start":{"line":211,"column":8},"end":{"line":213,"column":9}},"type":"if","locations":[{"start":{"line":211,"column":8},"end":{"line":213,"column":9}},{"start":{},"end":{}}],"line":211},"31":{"loc":{"start":{"line":218,"column":8},"end":{"line":220,"column":9}},"type":"if","locations":[{"start":{"line":218,"column":8},"end":{"line":220,"column":9}},{"start":{},"end":{}}],"line":218},"32":{"loc":{"start":{"line":223,"column":8},"end":{"line":225,"column":9}},"type":"if","locations":[{"start":{"line":223,"column":8},"end":{"line":225,"column":9}},{"start":{},"end":{}}],"line":223}},"s":{"0":0,"1":0,"2":0,"3":0,"4":0,"5":0,"6":0,"7":0,"8":0,"9":0,"10":0,"11":0,"12":0,"13":0,"14":0,"15":0,"16":0,"17":0,"18":0,"19":0,"20":0,"21":0,"22":0,"23":0,"24":0,"25":0,"26":0,"27":0,"28":0,"29":0,"30":0,"31":0,"32":0,"33":0,"34":0,"35":0,"36":0,"37":0,"38":0,"39":0,"40":0,"41":0,"42":0,"43":0,"44":0,"45":0,"46":0,"47":0,"48":0,"49":0,"50":0,"51":0,"52":0,"53":0,"54":0,"55":0,"56":0,"57":0,"58":0,"59":0,"60":0,"61":0,"62":0,"63":0,"64":0,"65":0,"66":0,"67":0,"68":0,"69":0,"70":0,"71":0,"72":0,"73":0,"74":0,"75":0,"76":0,"77":0,"78":0,"79":0,"80":0,"81":0,"82":0,"83":0,"84":0,"85":0,"86":0,"87":0,"88":0,"89":0,"90":0,"91":0,"92":0,"93":0,"94":0,"95":0,"96":0,"97":0,"98":0,"99":0,"100":0,"101":0,"102":0,"103":0,"104":0,"105":0,"106":0,"107":0,"108":0,"109":0,"110":0,"111":0,"112":0,"113":0,"114":0,"115":0,"116":0,"117":0,"118":0,"119":0,"120":0,"121":0,"122":0,"123":0,"124":0,"125":0,"126":0,"127":0,"128":0,"129":0,"130":0,"131":0,"132":0,"133":0,"134":0,"135":0,"136":0,"137":0,"138":0,"139":0,"140":0,"141":0,"142":0,"143":0},"f":{"0":0,"1":0,"2":0,"3":0,"4":0,"5":0},"b":{"0":[0,0],"1":[0,0],"2":[0,0],"3":[0,0],"4":[0,0],"5":[0,0],"6":[0,0],"7":[0,0],"8":[0,0],"9":[0,0],"10":[0,0],"11":[0,0],"12":[0,0],"13":[0,0],"14":[0,0],"15":[0,0],"16":[0,0],"17":[0,0],"18":[0,0],"19":[0,0],"20":[0,0],"21":[0,0],"22":[0,0],"23":[0,0],"24":[0,0],"25":[0,0],"26":[0,0],"27":[0,0],"28":[0,0],"29":[0,0],"30":[0,0],"31":[0,0],"32":[0,0]}}
,"/home/sam/dev/music-api/src/middlewares/authorizationMiddleware.js": {"path":"/home/sam/dev/music-api/src/middlewares/authorizationMiddleware.js","statementMap":{"0":{"start":{"line":2,"column":24},"end":{"line":2,"column":54}},"1":{"start":{"line":3,"column":0},"end":{"line":3,"column":25}},"2":{"start":{"line":4,"column":11},"end":{"line":4,"column":37}},"3":{"start":{"line":5,"column":13},"end":{"line":5,"column":20}},"4":{"start":{"line":7,"column":4},"end":{"line":24,"column":5}},"5":{"start":{"line":9,"column":22},"end":{"line":9,"column":72}},"6":{"start":{"line":11,"column":8},"end":{"line":19,"column":9}},"7":{"start":{"line":12,"column":12},"end":{"line":12,"column":29}},"8":{"start":{"line":15,"column":25},"end":{"line":15,"column":54}},"9":{"start":{"line":18,"column":12},"end":{"line":18,"column":49}},"10":{"start":{"line":22,"column":8},"end":{"line":22,"column":67}},"11":{"start":{"line":23,"column":8},"end":{"line":23,"column":21}},"12":{"start":{"line":30,"column":4},"end":{"line":47,"column":5}},"13":{"start":{"line":32,"column":22},"end":{"line":32,"column":72}},"14":{"start":{"line":34,"column":8},"end":{"line":42,"column":9}},"15":{"start":{"line":35,"column":12},"end":{"line":35,"column":29}},"16":{"start":{"line":38,"column":25},"end":{"line":38,"column":54}},"17":{"start":{"line":41,"column":12},"end":{"line":41,"column":78}},"18":{"start":{"line":45,"column":8},"end":{"line":45,"column":78}},"19":{"start":{"line":46,"column":8},"end":{"line":46,"column":21}},"20":{"start":{"line":51,"column":4},"end":{"line":57,"column":5}},"21":{"start":{"line":52,"column":22},"end":{"line":52,"column":72}},"22":{"start":{"line":53,"column":21},"end":{"line":53,"column":50}},"23":{"start":{"line":54,"column":8},"end":{"line":54,"column":25}},"24":{"start":{"line":56,"column":8},"end":{"line":56,"column":63}},"25":{"start":{"line":60,"column":0},"end":{"line":65,"column":1}}},"fnMap":{"0":{"name":"isAdmin","decl":{"start":{"line":6,"column":15},"end":{"line":6,"column":22}},"loc":{"start":{"line":6,"column":36},"end":{"line":28,"column":1}},"line":6},"1":{"name":"isAdminAndSameUser","decl":{"start":{"line":29,"column":15},"end":{"line":29,"column":33}},"loc":{"start":{"line":29,"column":55},"end":{"line":48,"column":1}},"line":29},"2":{"name":"returnRole","decl":{"start":{"line":50,"column":15},"end":{"line":50,"column":25}},"loc":{"start":{"line":50,"column":39},"end":{"line":58,"column":1}},"line":50}},"branchMap":{"0":{"loc":{"start":{"line":11,"column":8},"end":{"line":19,"column":9}},"type":"if","locations":[{"start":{"line":11,"column":8},"end":{"line":19,"column":9}},{"start":{"line":13,"column":15},"end":{"line":19,"column":9}}],"line":11},"1":{"loc":{"start":{"line":18,"column":19},"end":{"line":18,"column":48}},"type":"binary-expr","locations":[{"start":{"line":18,"column":19},"end":{"line":18,"column":23}},{"start":{"line":18,"column":27},"end":{"line":18,"column":48}}],"line":18},"2":{"loc":{"start":{"line":34,"column":8},"end":{"line":42,"column":9}},"type":"if","locations":[{"start":{"line":34,"column":8},"end":{"line":42,"column":9}},{"start":{"line":36,"column":15},"end":{"line":42,"column":9}}],"line":34},"3":{"loc":{"start":{"line":41,"column":19},"end":{"line":41,"column":77}},"type":"binary-expr","locations":[{"start":{"line":41,"column":19},"end":{"line":41,"column":23}},{"start":{"line":41,"column":28},"end":{"line":41,"column":49}},{"start":{"line":41,"column":53},"end":{"line":41,"column":76}}],"line":41}},"s":{"0":0,"1":0,"2":0,"3":0,"4":0,"5":0,"6":0,"7":0,"8":0,"9":0,"10":0,"11":0,"12":0,"13":0,"14":0,"15":0,"16":0,"17":0,"18":0,"19":0,"20":0,"21":0,"22":0,"23":0,"24":0,"25":0},"f":{"0":0,"1":0,"2":0},"b":{"0":[0,0],"1":[0,0],"2":[0,0],"3":[0,0,0]}}
,"/home/sam/dev/music-api/src/models/albumModel.js": {"path":"/home/sam/dev/music-api/src/models/albumModel.js","statementMap":{"0":{"start":{"line":1,"column":20},"end":{"line":1,"column":40}},"1":{"start":{"line":2,"column":0},"end":{"line":20,"column":2}},"2":{"start":{"line":4,"column":18},"end":{"line":17,"column":6}},"3":{"start":{"line":19,"column":4},"end":{"line":19,"column":17}}},"fnMap":{"0":{"name":"(anonymous_0)","decl":{"start":{"line":2,"column":17},"end":{"line":2,"column":18}},"loc":{"start":{"line":2,"column":43},"end":{"line":20,"column":1}},"line":2}},"branchMap":{},"s":{"0":1,"1":1,"2":1,"3":1},"f":{"0":1},"b":{},"_coverageSchema":"1a1c01bbd47fc00a2c39e90264f33305004495a9","hash":"82e73b73fbddedfc202ff9d19927fff76ee2f72f"}
,"/home/sam/dev/music-api/src/models/artistModel.js": {"path":"/home/sam/dev/music-api/src/models/artistModel.js","statementMap":{"0":{"start":{"line":1,"column":20},"end":{"line":1,"column":40}},"1":{"start":{"line":2,"column":0},"end":{"line":20,"column":2}},"2":{"start":{"line":5,"column":15},"end":{"line":18,"column":2}},"3":{"start":{"line":19,"column":4},"end":{"line":19,"column":18}}},"fnMap":{"0":{"name":"(anonymous_0)","decl":{"start":{"line":2,"column":17},"end":{"line":2,"column":18}},"loc":{"start":{"line":2,"column":43},"end":{"line":20,"column":1}},"line":2}},"branchMap":{},"s":{"0":1,"1":1,"2":1,"3":1},"f":{"0":1},"b":{},"_coverageSchema":"1a1c01bbd47fc00a2c39e90264f33305004495a9","hash":"14e662f3f937591236f9cd7fbecbb0b41e3e93cd"}
,"/home/sam/dev/music-api/src/models/categoryModel.js": {"path":"/home/sam/dev/music-api/src/models/categoryModel.js","statementMap":{"0":{"start":{"line":1,"column":20},"end":{"line":1,"column":40}},"1":{"start":{"line":2,"column":0},"end":{"line":17,"column":2}},"2":{"start":{"line":4,"column":21},"end":{"line":14,"column":6}},"3":{"start":{"line":16,"column":4},"end":{"line":16,"column":20}}},"fnMap":{"0":{"name":"(anonymous_0)","decl":{"start":{"line":2,"column":17},"end":{"line":2,"column":18}},"loc":{"start":{"line":2,"column":43},"end":{"line":17,"column":1}},"line":2}},"branchMap":{},"s":{"0":1,"1":1,"2":1,"3":1},"f":{"0":1},"b":{},"_coverageSchema":"1a1c01bbd47fc00a2c39e90264f33305004495a9","hash":"1dca00a9567d5eee3121e36fb1093eaf39619893"}
,"/home/sam/dev/music-api/src/models/model.js": {"path":"/home/sam/dev/music-api/src/models/model.js","statementMap":{"0":{"start":{"line":1,"column":33},"end":{"line":1,"column":53}},"1":{"start":{"line":2,"column":0},"end":{"line":2,"column":25}},"2":{"start":{"line":4,"column":18},"end":{"line":10,"column":2}},"3":{"start":{"line":11,"column":11},"end":{"line":11,"column":13}},"4":{"start":{"line":12,"column":0},"end":{"line":12,"column":25}},"5":{"start":{"line":13,"column":0},"end":{"line":13,"column":25}},"6":{"start":{"line":14,"column":0},"end":{"line":14,"column":57}},"7":{"start":{"line":15,"column":0},"end":{"line":15,"column":57}},"8":{"start":{"line":16,"column":0},"end":{"line":16,"column":59}},"9":{"start":{"line":17,"column":0},"end":{"line":17,"column":63}},"10":{"start":{"line":21,"column":0},"end":{"line":21,"column":55}},"11":{"start":{"line":27,"column":0},"end":{"line":27,"column":57}},"12":{"start":{"line":28,"column":0},"end":{"line":28,"column":63}},"13":{"start":{"line":29,"column":0},"end":{"line":29,"column":59}},"14":{"start":{"line":30,"column":0},"end":{"line":30,"column":59}},"15":{"start":{"line":33,"column":0},"end":{"line":33,"column":20}}},"fnMap":{},"branchMap":{},"s":{"0":1,"1":1,"2":1,"3":1,"4":1,"5":1,"6":1,"7":1,"8":1,"9":1,"10":1,"11":1,"12":1,"13":1,"14":1,"15":1},"f":{},"b":{},"_coverageSchema":"1a1c01bbd47fc00a2c39e90264f33305004495a9","hash":"e443711e0b78aa5913bff5e479d23a4b63715ab7"}
,"/home/sam/dev/music-api/src/models/musicModel.js": {"path":"/home/sam/dev/music-api/src/models/musicModel.js","statementMap":{"0":{"start":{"line":1,"column":20},"end":{"line":1,"column":40}},"1":{"start":{"line":2,"column":0},"end":{"line":22,"column":2}},"2":{"start":{"line":4,"column":14},"end":{"line":19,"column":2}},"3":{"start":{"line":21,"column":4},"end":{"line":21,"column":17}}},"fnMap":{"0":{"name":"(anonymous_0)","decl":{"start":{"line":2,"column":17},"end":{"line":2,"column":18}},"loc":{"start":{"line":2,"column":43},"end":{"line":22,"column":1}},"line":2}},"branchMap":{},"s":{"0":1,"1":1,"2":1,"3":1},"f":{"0":1},"b":{},"_coverageSchema":"1a1c01bbd47fc00a2c39e90264f33305004495a9","hash":"6bc27519ee06db2ecd18da2045e030fbdfa51d23"}
,"/home/sam/dev/music-api/src/models/rolesModel.js": {"path":"/home/sam/dev/music-api/src/models/rolesModel.js","statementMap":{"0":{"start":{"line":1,"column":20},"end":{"line":1,"column":40}},"1":{"start":{"line":2,"column":0},"end":{"line":20,"column":2}},"2":{"start":{"line":4,"column":13},"end":{"line":17,"column":2}},"3":{"start":{"line":19,"column":4},"end":{"line":19,"column":16}}},"fnMap":{"0":{"name":"(anonymous_0)","decl":{"start":{"line":2,"column":17},"end":{"line":2,"column":18}},"loc":{"start":{"line":2,"column":43},"end":{"line":20,"column":1}},"line":2}},"branchMap":{},"s":{"0":0,"1":0,"2":0,"3":0},"f":{"0":0},"b":{}}
,"/home/sam/dev/music-api/src/models/userModel.js": {"path":"/home/sam/dev/music-api/src/models/userModel.js","statementMap":{"0":{"start":{"line":1,"column":20},"end":{"line":1,"column":40}},"1":{"start":{"line":2,"column":0},"end":{"line":31,"column":2}},"2":{"start":{"line":4,"column":13},"end":{"line":28,"column":2}},"3":{"start":{"line":30,"column":4},"end":{"line":30,"column":16}}},"fnMap":{"0":{"name":"(anonymous_0)","decl":{"start":{"line":2,"column":17},"end":{"line":2,"column":18}},"loc":{"start":{"line":2,"column":43},"end":{"line":31,"column":1}},"line":2}},"branchMap":{},"s":{"0":1,"1":1,"2":1,"3":1},"f":{"0":1},"b":{},"_coverageSchema":"1a1c01bbd47fc00a2c39e90264f33305004495a9","hash":"92fa4689692361c9856d73d3779b5a810a819dfa"}
,"/home/sam/dev/music-api/src/routes/albumRoutes.js": {"path":"/home/sam/dev/music-api/src/routes/albumRoutes.js","statementMap":{"0":{"start":{"line":2,"column":16},"end":{"line":2,"column":34}},"1":{"start":{"line":3,"column":15},"end":{"line":3,"column":31}},"2":{"start":{"line":5,"column":92},"end":{"line":5,"column":133}},"3":{"start":{"line":8,"column":0},"end":{"line":8,"column":39}},"4":{"start":{"line":9,"column":0},"end":{"line":9,"column":37}},"5":{"start":{"line":10,"column":0},"end":{"line":10,"column":45}},"6":{"start":{"line":11,"column":0},"end":{"line":11,"column":49}},"7":{"start":{"line":12,"column":0},"end":{"line":12,"column":46}},"8":{"start":{"line":13,"column":1},"end":{"line":13,"column":25}}},"fnMap":{},"branchMap":{},"s":{"0":0,"1":0,"2":0,"3":0,"4":0,"5":0,"6":0,"7":0,"8":0},"f":{},"b":{}}
,"/home/sam/dev/music-api/src/routes/artistRoutes.js": {"path":"/home/sam/dev/music-api/src/routes/artistRoutes.js","statementMap":{"0":{"start":{"line":1,"column":16},"end":{"line":1,"column":34}},"1":{"start":{"line":2,"column":15},"end":{"line":2,"column":31}},"2":{"start":{"line":3,"column":97},"end":{"line":3,"column":139}},"3":{"start":{"line":6,"column":0},"end":{"line":6,"column":41}},"4":{"start":{"line":7,"column":0},"end":{"line":7,"column":39}},"5":{"start":{"line":8,"column":0},"end":{"line":8,"column":47}},"6":{"start":{"line":9,"column":0},"end":{"line":9,"column":52}},"7":{"start":{"line":10,"column":0},"end":{"line":10,"column":49}},"8":{"start":{"line":25,"column":0},"end":{"line":25,"column":24}}},"fnMap":{},"branchMap":{},"s":{"0":0,"1":0,"2":0,"3":0,"4":0,"5":0,"6":0,"7":0,"8":0},"f":{},"b":{}}
,"/home/sam/dev/music-api/src/routes/authRoutes.js": {"path":"/home/sam/dev/music-api/src/routes/authRoutes.js","statementMap":{"0":{"start":{"line":1,"column":16},"end":{"line":1,"column":34}},"1":{"start":{"line":2,"column":11},"end":{"line":2,"column":37}},"2":{"start":{"line":3,"column":13},"end":{"line":3,"column":20}},"3":{"start":{"line":4,"column":15},"end":{"line":4,"column":31}},"4":{"start":{"line":5,"column":16},"end":{"line":5,"column":56}},"5":{"start":{"line":7,"column":0},"end":{"line":7,"column":33}},"6":{"start":{"line":9,"column":0},"end":{"line":9,"column":24}}},"fnMap":{},"branchMap":{},"s":{"0":0,"1":0,"2":0,"3":0,"4":0,"5":0,"6":0},"f":{},"b":{}}
,"/home/sam/dev/music-api/src/routes/categoryRoutes.js": {"path":"/home/sam/dev/music-api/src/routes/categoryRoutes.js","statementMap":{"0":{"start":{"line":1,"column":16},"end":{"line":1,"column":34}},"1":{"start":{"line":2,"column":15},"end":{"line":2,"column":31}},"2":{"start":{"line":3,"column":109},"end":{"line":3,"column":153}},"3":{"start":{"line":6,"column":0},"end":{"line":6,"column":45}},"4":{"start":{"line":7,"column":0},"end":{"line":7,"column":44}},"5":{"start":{"line":8,"column":0},"end":{"line":8,"column":54}},"6":{"start":{"line":9,"column":0},"end":{"line":9,"column":60}},"7":{"start":{"line":10,"column":0},"end":{"line":10,"column":56}},"8":{"start":{"line":13,"column":0},"end":{"line":13,"column":24}}},"fnMap":{},"branchMap":{},"s":{"0":0,"1":0,"2":0,"3":0,"4":0,"5":0,"6":0,"7":0,"8":0},"f":{},"b":{}}
,"/home/sam/dev/music-api/src/routes/musicRoutes.js": {"path":"/home/sam/dev/music-api/src/routes/musicRoutes.js","statementMap":{"0":{"start":{"line":1,"column":16},"end":{"line":1,"column":34}},"1":{"start":{"line":2,"column":15},"end":{"line":2,"column":31}},"2":{"start":{"line":3,"column":164},"end":{"line":3,"column":205}},"3":{"start":{"line":6,"column":0},"end":{"line":6,"column":43}},"4":{"start":{"line":7,"column":0},"end":{"line":7,"column":40}},"5":{"start":{"line":8,"column":0},"end":{"line":8,"column":40}},"6":{"start":{"line":9,"column":0},"end":{"line":9,"column":69}},"7":{"start":{"line":10,"column":0},"end":{"line":10,"column":63}},"8":{"start":{"line":11,"column":0},"end":{"line":11,"column":60}},"9":{"start":{"line":12,"column":0},"end":{"line":12,"column":51}},"10":{"start":{"line":13,"column":0},"end":{"line":13,"column":47}},"11":{"start":{"line":18,"column":0},"end":{"line":18,"column":24}}},"fnMap":{},"branchMap":{},"s":{"0":0,"1":0,"2":0,"3":0,"4":0,"5":0,"6":0,"7":0,"8":0,"9":0,"10":0,"11":0},"f":{},"b":{}}
,"/home/sam/dev/music-api/src/routes/userRoutes.js": {"path":"/home/sam/dev/music-api/src/routes/userRoutes.js","statementMap":{"0":{"start":{"line":1,"column":16},"end":{"line":1,"column":34}},"1":{"start":{"line":2,"column":11},"end":{"line":2,"column":37}},"2":{"start":{"line":3,"column":13},"end":{"line":3,"column":20}},"3":{"start":{"line":4,"column":15},"end":{"line":4,"column":31}},"4":{"start":{"line":5,"column":101},"end":{"line":5,"column":141}},"5":{"start":{"line":6,"column":18},"end":{"line":6,"column":58}},"6":{"start":{"line":8,"column":0},"end":{"line":8,"column":27}},"7":{"start":{"line":12,"column":0},"end":{"line":12,"column":40}},"8":{"start":{"line":14,"column":0},"end":{"line":14,"column":38}},"9":{"start":{"line":16,"column":0},"end":{"line":16,"column":41}},"10":{"start":{"line":18,"column":0},"end":{"line":18,"column":47}},"11":{"start":{"line":20,"column":0},"end":{"line":20,"column":44}},"12":{"start":{"line":21,"column":0},"end":{"line":21,"column":53}},"13":{"start":{"line":27,"column":0},"end":{"line":27,"column":24}}},"fnMap":{},"branchMap":{},"s":{"0":0,"1":0,"2":0,"3":0,"4":0,"5":0,"6":0,"7":0,"8":0,"9":0,"10":0,"11":0,"12":0,"13":0},"f":{},"b":{}}
,"/home/sam/dev/music-api/src/utils/createRolesUtil.js": {"path":"/home/sam/dev/music-api/src/utils/createRolesUtil.js","statementMap":{"0":{"start":{"line":4,"column":4},"end":{"line":9,"column":4}},"1":{"start":{"line":5,"column":5},"end":{"line":5,"column":22}},"2":{"start":{"line":7,"column":19},"end":{"line":7,"column":25}},"3":{"start":{"line":8,"column":6},"end":{"line":8,"column":18}},"4":{"start":{"line":18,"column":0},"end":{"line":20,"column":1}}},"fnMap":{"0":{"name":"createRoles","decl":{"start":{"line":3,"column":15},"end":{"line":3,"column":26}},"loc":{"start":{"line":3,"column":37},"end":{"line":13,"column":1}},"line":3}},"branchMap":{"0":{"loc":{"start":{"line":4,"column":4},"end":{"line":9,"column":4}},"type":"if","locations":[{"start":{"line":4,"column":4},"end":{"line":9,"column":4}},{"start":{"line":6,"column":8},"end":{"line":9,"column":4}}],"line":4},"1":{"loc":{"start":{"line":4,"column":9},"end":{"line":4,"column":52}},"type":"binary-expr","locations":[{"start":{"line":4,"column":9},"end":{"line":4,"column":31}},{"start":{"line":4,"column":35},"end":{"line":4,"column":52}}],"line":4}},"s":{"0":0,"1":0,"2":0,"3":0,"4":0},"f":{"0":0},"b":{"0":[0,0],"1":[0,0]}}
,"/home/sam/dev/music-api/src/utils/dateUtil.js": {"path":"/home/sam/dev/music-api/src/utils/dateUtil.js","statementMap":{"0":{"start":{"line":1,"column":18},"end":{"line":1,"column":38}},"1":{"start":{"line":6,"column":22},"end":{"line":6,"column":51}},"2":{"start":{"line":7,"column":4},"end":{"line":9,"column":5}},"3":{"start":{"line":8,"column":8},"end":{"line":8,"column":21}},"4":{"start":{"line":11,"column":32},"end":{"line":11,"column":53}},"5":{"start":{"line":13,"column":22},"end":{"line":13,"column":39}},"6":{"start":{"line":14,"column":24},"end":{"line":14,"column":43}},"7":{"start":{"line":15,"column":23},"end":{"line":15,"column":41}},"8":{"start":{"line":17,"column":23},"end":{"line":17,"column":56}},"9":{"start":{"line":18,"column":25},"end":{"line":18,"column":62}},"10":{"start":{"line":19,"column":24},"end":{"line":19,"column":64}},"11":{"start":{"line":21,"column":4},"end":{"line":21,"column":53}},"12":{"start":{"line":24,"column":4},"end":{"line":24,"column":41}},"13":{"start":{"line":30,"column":0},"end":{"line":32,"column":1}}},"fnMap":{"0":{"name":"isValidDate","decl":{"start":{"line":5,"column":9},"end":{"line":5,"column":20}},"loc":{"start":{"line":5,"column":26},"end":{"line":22,"column":1}},"line":5},"1":{"name":"removeSlashesFromDate","decl":{"start":{"line":23,"column":9},"end":{"line":23,"column":30}},"loc":{"start":{"line":23,"column":43},"end":{"line":25,"column":1}},"line":23}},"branchMap":{"0":{"loc":{"start":{"line":7,"column":4},"end":{"line":9,"column":5}},"type":"if","locations":[{"start":{"line":7,"column":4},"end":{"line":9,"column":5}},{"start":{},"end":{}}],"line":7},"1":{"loc":{"start":{"line":17,"column":23},"end":{"line":17,"column":56}},"type":"binary-expr","locations":[{"start":{"line":17,"column":23},"end":{"line":17,"column":37}},{"start":{"line":17,"column":41},"end":{"line":17,"column":56}}],"line":17},"2":{"loc":{"start":{"line":18,"column":25},"end":{"line":18,"column":62}},"type":"binary-expr","locations":[{"start":{"line":18,"column":25},"end":{"line":18,"column":41}},{"start":{"line":18,"column":45},"end":{"line":18,"column":62}}],"line":18},"3":{"loc":{"start":{"line":19,"column":24},"end":{"line":19,"column":64}},"type":"binary-expr","locations":[{"start":{"line":19,"column":24},"end":{"line":19,"column":42}},{"start":{"line":19,"column":46},"end":{"line":19,"column":64}}],"line":19},"4":{"loc":{"start":{"line":21,"column":11},"end":{"line":21,"column":52}},"type":"binary-expr","locations":[{"start":{"line":21,"column":11},"end":{"line":21,"column":21}},{"start":{"line":21,"column":25},"end":{"line":21,"column":37}},{"start":{"line":21,"column":41},"end":{"line":21,"column":52}}],"line":21}},"s":{"0":0,"1":0,"2":0,"3":0,"4":0,"5":0,"6":0,"7":0,"8":0,"9":0,"10":0,"11":0,"12":0,"13":0},"f":{"0":0,"1":0},"b":{"0":[0,0],"1":[0,0],"2":[0,0],"3":[0,0],"4":[0,0,0]}}
,"/home/sam/dev/music-api/src/utils/encryptPassword.js": {"path":"/home/sam/dev/music-api/src/utils/encryptPassword.js","statementMap":{"0":{"start":{"line":1,"column":15},"end":{"line":1,"column":32}},"1":{"start":{"line":3,"column":17},"end":{"line":3,"column":41}},"2":{"start":{"line":4,"column":25},"end":{"line":4,"column":58}},"3":{"start":{"line":5,"column":4},"end":{"line":5,"column":24}},"4":{"start":{"line":9,"column":0},"end":{"line":11,"column":1}}},"fnMap":{"0":{"name":"encryptPassword","decl":{"start":{"line":2,"column":15},"end":{"line":2,"column":30}},"loc":{"start":{"line":2,"column":41},"end":{"line":6,"column":1}},"line":2}},"branchMap":{},"s":{"0":0,"1":0,"2":0,"3":0,"4":0},"f":{"0":0},"b":{}}
,"/home/sam/dev/music-api/src/utils/errorsUtil.js": {"path":"/home/sam/dev/music-api/src/utils/errorsUtil.js","statementMap":{"0":{"start":{"line":1,"column":17},"end":{"line":1,"column":43}},"1":{"start":{"line":2,"column":24},"end":{"line":2,"column":52}},"2":{"start":{"line":7,"column":25},"end":{"line":7,"column":53}},"3":{"start":{"line":8,"column":4},"end":{"line":10,"column":5}},"4":{"start":{"line":9,"column":8},"end":{"line":9,"column":46}},"5":{"start":{"line":15,"column":19},"end":{"line":15,"column":21}},"6":{"start":{"line":16,"column":25},"end":{"line":16,"column":27}},"7":{"start":{"line":19,"column":4},"end":{"line":21,"column":5}},"8":{"start":{"line":20,"column":8},"end":{"line":20,"column":63}},"9":{"start":{"line":22,"column":4},"end":{"line":24,"column":5}},"10":{"start":{"line":23,"column":8},"end":{"line":23,"column":77}},"11":{"start":{"line":25,"column":4},"end":{"line":27,"column":5}},"12":{"start":{"line":26,"column":8},"end":{"line":26,"column":80}},"13":{"start":{"line":28,"column":4},"end":{"line":30,"column":5}},"14":{"start":{"line":29,"column":8},"end":{"line":29,"column":69}},"15":{"start":{"line":31,"column":4},"end":{"line":33,"column":7}},"16":{"start":{"line":32,"column":8},"end":{"line":32,"column":36}},"17":{"start":{"line":34,"column":4},"end":{"line":38,"column":5}},"18":{"start":{"line":35,"column":8},"end":{"line":35,"column":17}},"19":{"start":{"line":37,"column":8},"end":{"line":37,"column":28}},"20":{"start":{"line":45,"column":17},"end":{"line":45,"column":19}},"21":{"start":{"line":46,"column":23},"end":{"line":46,"column":25}},"22":{"start":{"line":47,"column":4},"end":{"line":52,"column":5}},"23":{"start":{"line":49,"column":8},"end":{"line":51,"column":9}},"24":{"start":{"line":50,"column":12},"end":{"line":50,"column":40}},"25":{"start":{"line":54,"column":4},"end":{"line":59,"column":5}},"26":{"start":{"line":55,"column":28},"end":{"line":55,"column":62}},"27":{"start":{"line":56,"column":8},"end":{"line":58,"column":9}},"28":{"start":{"line":57,"column":12},"end":{"line":57,"column":37}},"29":{"start":{"line":60,"column":4},"end":{"line":67,"column":5}},"30":{"start":{"line":62,"column":27},"end":{"line":62,"column":64}},"31":{"start":{"line":63,"column":8},"end":{"line":65,"column":9}},"32":{"start":{"line":64,"column":12},"end":{"line":64,"column":36}},"33":{"start":{"line":68,"column":4},"end":{"line":77,"column":5}},"34":{"start":{"line":70,"column":27},"end":{"line":70,"column":67}},"35":{"start":{"line":71,"column":8},"end":{"line":75,"column":9}},"36":{"start":{"line":72,"column":12},"end":{"line":72,"column":36}},"37":{"start":{"line":73,"column":14},"end":{"line":75,"column":9}},"38":{"start":{"line":74,"column":12},"end":{"line":74,"column":86}},"39":{"start":{"line":79,"column":4},"end":{"line":86,"column":5}},"40":{"start":{"line":81,"column":8},"end":{"line":84,"column":9}},"41":{"start":{"line":82,"column":12},"end":{"line":82,"column":72}},"42":{"start":{"line":87,"column":4},"end":{"line":91,"column":5}},"43":{"start":{"line":88,"column":8},"end":{"line":90,"column":9}},"44":{"start":{"line":89,"column":12},"end":{"line":89,"column":40}},"45":{"start":{"line":93,"column":4},"end":{"line":95,"column":7}},"46":{"start":{"line":94,"column":8},"end":{"line":94,"column":36}},"47":{"start":{"line":97,"column":4},"end":{"line":97,"column":24}},"48":{"start":{"line":102,"column":19},"end":{"line":102,"column":44}},"49":{"start":{"line":104,"column":4},"end":{"line":108,"column":5}},"50":{"start":{"line":105,"column":8},"end":{"line":105,"column":21}},"51":{"start":{"line":107,"column":8},"end":{"line":107,"column":22}},"52":{"start":{"line":113,"column":0},"end":{"line":115,"column":1}}},"fnMap":{"0":{"name":"validateEmail","decl":{"start":{"line":5,"column":15},"end":{"line":5,"column":28}},"loc":{"start":{"line":5,"column":36},"end":{"line":13,"column":1}},"line":5},"1":{"name":"checkPassword","decl":{"start":{"line":14,"column":15},"end":{"line":14,"column":28}},"loc":{"start":{"line":14,"column":39},"end":{"line":42,"column":1}},"line":14},"2":{"name":"(anonymous_2)","decl":{"start":{"line":31,"column":19},"end":{"line":31,"column":20}},"loc":{"start":{"line":31,"column":37},"end":{"line":33,"column":5}},"line":31},"3":{"name":"sendErrors","decl":{"start":{"line":43,"column":15},"end":{"line":43,"column":25}},"loc":{"start":{"line":43,"column":35},"end":{"line":100,"column":1}},"line":43},"4":{"name":"(anonymous_4)","decl":{"start":{"line":93,"column":19},"end":{"line":93,"column":20}},"loc":{"start":{"line":93,"column":37},"end":{"line":95,"column":5}},"line":93},"5":{"name":"returnErrors","decl":{"start":{"line":101,"column":15},"end":{"line":101,"column":27}},"loc":{"start":{"line":101,"column":37},"end":{"line":109,"column":1}},"line":101}},"branchMap":{"0":{"loc":{"start":{"line":8,"column":4},"end":{"line":10,"column":5}},"type":"if","locations":[{"start":{"line":8,"column":4},"end":{"line":10,"column":5}},{"start":{},"end":{}}],"line":8},"1":{"loc":{"start":{"line":19,"column":4},"end":{"line":21,"column":5}},"type":"if","locations":[{"start":{"line":19,"column":4},"end":{"line":21,"column":5}},{"start":{},"end":{}}],"line":19},"2":{"loc":{"start":{"line":22,"column":4},"end":{"line":24,"column":5}},"type":"if","locations":[{"start":{"line":22,"column":4},"end":{"line":24,"column":5}},{"start":{},"end":{}}],"line":22},"3":{"loc":{"start":{"line":25,"column":4},"end":{"line":27,"column":5}},"type":"if","locations":[{"start":{"line":25,"column":4},"end":{"line":27,"column":5}},{"start":{},"end":{}}],"line":25},"4":{"loc":{"start":{"line":28,"column":4},"end":{"line":30,"column":5}},"type":"if","locations":[{"start":{"line":28,"column":4},"end":{"line":30,"column":5}},{"start":{},"end":{}}],"line":28},"5":{"loc":{"start":{"line":34,"column":4},"end":{"line":38,"column":5}},"type":"if","locations":[{"start":{"line":34,"column":4},"end":{"line":38,"column":5}},{"start":{"line":36,"column":11},"end":{"line":38,"column":5}}],"line":34},"6":{"loc":{"start":{"line":47,"column":4},"end":{"line":52,"column":5}},"type":"if","locations":[{"start":{"line":47,"column":4},"end":{"line":52,"column":5}},{"start":{},"end":{}}],"line":47},"7":{"loc":{"start":{"line":47,"column":7},"end":{"line":47,"column":44}},"type":"binary-expr","locations":[{"start":{"line":47,"column":7},"end":{"line":47,"column":14}},{"start":{"line":47,"column":18},"end":{"line":47,"column":44}}],"line":47},"8":{"loc":{"start":{"line":49,"column":8},"end":{"line":51,"column":9}},"type":"if","locations":[{"start":{"line":49,"column":8},"end":{"line":51,"column":9}},{"start":{},"end":{}}],"line":49},"9":{"loc":{"start":{"line":49,"column":13},"end":{"line":49,"column":62}},"type":"binary-expr","locations":[{"start":{"line":49,"column":13},"end":{"line":49,"column":36}},{"start":{"line":49,"column":40},"end":{"line":49,"column":62}}],"line":49},"10":{"loc":{"start":{"line":54,"column":4},"end":{"line":59,"column":5}},"type":"if","locations":[{"start":{"line":54,"column":4},"end":{"line":59,"column":5}},{"start":{},"end":{}}],"line":54},"11":{"loc":{"start":{"line":54,"column":8},"end":{"line":54,"column":46}},"type":"binary-expr","locations":[{"start":{"line":54,"column":8},"end":{"line":54,"column":15}},{"start":{"line":54,"column":19},"end":{"line":54,"column":46}}],"line":54},"12":{"loc":{"start":{"line":56,"column":8},"end":{"line":58,"column":9}},"type":"if","locations":[{"start":{"line":56,"column":8},"end":{"line":58,"column":9}},{"start":{},"end":{}}],"line":56},"13":{"loc":{"start":{"line":60,"column":4},"end":{"line":67,"column":5}},"type":"if","locations":[{"start":{"line":60,"column":4},"end":{"line":67,"column":5}},{"start":{},"end":{}}],"line":60},"14":{"loc":{"start":{"line":60,"column":8},"end":{"line":60,"column":49}},"type":"binary-expr","locations":[{"start":{"line":60,"column":8},"end":{"line":60,"column":15}},{"start":{"line":60,"column":19},"end":{"line":60,"column":49}}],"line":60},"15":{"loc":{"start":{"line":63,"column":8},"end":{"line":65,"column":9}},"type":"if","locations":[{"start":{"line":63,"column":8},"end":{"line":65,"column":9}},{"start":{},"end":{}}],"line":63},"16":{"loc":{"start":{"line":68,"column":4},"end":{"line":77,"column":5}},"type":"if","locations":[{"start":{"line":68,"column":4},"end":{"line":77,"column":5}},{"start":{},"end":{}}],"line":68},"17":{"loc":{"start":{"line":68,"column":8},"end":{"line":68,"column":52}},"type":"binary-expr","locations":[{"start":{"line":68,"column":8},"end":{"line":68,"column":15}},{"start":{"line":68,"column":19},"end":{"line":68,"column":52}}],"line":68},"18":{"loc":{"start":{"line":71,"column":8},"end":{"line":75,"column":9}},"type":"if","locations":[{"start":{"line":71,"column":8},"end":{"line":75,"column":9}},{"start":{"line":73,"column":14},"end":{"line":75,"column":9}}],"line":71},"19":{"loc":{"start":{"line":73,"column":14},"end":{"line":75,"column":9}},"type":"if","locations":[{"start":{"line":73,"column":14},"end":{"line":75,"column":9}},{"start":{},"end":{}}],"line":73},"20":{"loc":{"start":{"line":79,"column":4},"end":{"line":86,"column":5}},"type":"if","locations":[{"start":{"line":79,"column":4},"end":{"line":86,"column":5}},{"start":{},"end":{}}],"line":79},"21":{"loc":{"start":{"line":79,"column":8},"end":{"line":79,"column":45}},"type":"binary-expr","locations":[{"start":{"line":79,"column":8},"end":{"line":79,"column":15}},{"start":{"line":79,"column":19},"end":{"line":79,"column":45}}],"line":79},"22":{"loc":{"start":{"line":81,"column":8},"end":{"line":84,"column":9}},"type":"if","locations":[{"start":{"line":81,"column":8},"end":{"line":84,"column":9}},{"start":{},"end":{}}],"line":81},"23":{"loc":{"start":{"line":87,"column":4},"end":{"line":91,"column":5}},"type":"if","locations":[{"start":{"line":87,"column":4},"end":{"line":91,"column":5}},{"start":{},"end":{}}],"line":87},"24":{"loc":{"start":{"line":87,"column":8},"end":{"line":87,"column":53}},"type":"binary-expr","locations":[{"start":{"line":87,"column":8},"end":{"line":87,"column":15}},{"start":{"line":87,"column":19},"end":{"line":87,"column":53}}],"line":87},"25":{"loc":{"start":{"line":88,"column":8},"end":{"line":90,"column":9}},"type":"if","locations":[{"start":{"line":88,"column":8},"end":{"line":90,"column":9}},{"start":{},"end":{}}],"line":88},"26":{"loc":{"start":{"line":104,"column":4},"end":{"line":108,"column":5}},"type":"if","locations":[{"start":{"line":104,"column":4},"end":{"line":108,"column":5}},{"start":{"line":106,"column":11},"end":{"line":108,"column":5}}],"line":104}},"s":{"0":0,"1":0,"2":0,"3":0,"4":0,"5":0,"6":0,"7":0,"8":0,"9":0,"10":0,"11":0,"12":0,"13":0,"14":0,"15":0,"16":0,"17":0,"18":0,"19":0,"20":0,"21":0,"22":0,"23":0,"24":0,"25":0,"26":0,"27":0,"28":0,"29":0,"30":0,"31":0,"32":0,"33":0,"34":0,"35":0,"36":0,"37":0,"38":0,"39":0,"40":0,"41":0,"42":0,"43":0,"44":0,"45":0,"46":0,"47":0,"48":0,"49":0,"50":0,"51":0,"52":0},"f":{"0":0,"1":0,"2":0,"3":0,"4":0,"5":0},"b":{"0":[0,0],"1":[0,0],"2":[0,0],"3":[0,0],"4":[0,0],"5":[0,0],"6":[0,0],"7":[0,0],"8":[0,0],"9":[0,0],"10":[0,0],"11":[0,0],"12":[0,0],"13":[0,0],"14":[0,0],"15":[0,0],"16":[0,0],"17":[0,0],"18":[0,0],"19":[0,0],"20":[0,0],"21":[0,0],"22":[0,0],"23":[0,0],"24":[0,0],"25":[0,0],"26":[0,0]}}
,"/home/sam/dev/music-api/src/utils/tokenUtils.js": {"path":"/home/sam/dev/music-api/src/utils/tokenUtils.js","statementMap":{"0":{"start":{"line":1,"column":12},"end":{"line":1,"column":35}},"1":{"start":{"line":3,"column":4},"end":{"line":8,"column":5}},"2":{"start":{"line":4,"column":22},"end":{"line":4,"column":81}},"3":{"start":{"line":5,"column":8},"end":{"line":5,"column":21}},"4":{"start":{"line":7,"column":8},"end":{"line":7,"column":47}},"5":{"start":{"line":15,"column":9},"end":{"line":26,"column":10}},"6":{"start":{"line":16,"column":28},"end":{"line":16,"column":59}},"7":{"start":{"line":17,"column":12},"end":{"line":17,"column":27}},"8":{"start":{"line":19,"column":12},"end":{"line":23,"column":13}},"9":{"start":{"line":20,"column":20},"end":{"line":20,"column":37}},"10":{"start":{"line":22,"column":16},"end":{"line":22,"column":72}},"11":{"start":{"line":33,"column":0},"end":{"line":36,"column":1}}},"fnMap":{"0":{"name":"createToken","decl":{"start":{"line":2,"column":15},"end":{"line":2,"column":26}},"loc":{"start":{"line":2,"column":41},"end":{"line":10,"column":1}},"line":2},"1":{"name":"verifyToken","decl":{"start":{"line":12,"column":15},"end":{"line":12,"column":26}},"loc":{"start":{"line":12,"column":42},"end":{"line":30,"column":1}},"line":12}},"branchMap":{"0":{"loc":{"start":{"line":19,"column":12},"end":{"line":23,"column":13}},"type":"if","locations":[{"start":{"line":19,"column":12},"end":{"line":23,"column":13}},{"start":{"line":21,"column":19},"end":{"line":23,"column":13}}],"line":19}},"s":{"0":0,"1":0,"2":0,"3":0,"4":0,"5":0,"6":0,"7":0,"8":0,"9":0,"10":0,"11":0},"f":{"0":0,"1":0},"b":{"0":[0,0]}}
}
