{"/home/sam/dev/music-api/src/controllers/albumController.js": {"path":"/home/sam/dev/music-api/src/controllers/albumController.js","statementMap":{"0":{"start":{"line":1,"column":40},"end":{"line":1,"column":60}},"1":{"start":{"line":2,"column":15},"end":{"line":2,"column":32}},"2":{"start":{"line":3,"column":11},"end":{"line":3,"column":37}},"3":{"start":{"line":4,"column":14},"end":{"line":4,"column":22}},"4":{"start":{"line":5,"column":20},"end":{"line":5,"column":69}},"5":{"start":{"line":7,"column":24},"end":{"line":39,"column":1}},"6":{"start":{"line":8,"column":4},"end":{"line":37,"column":5}},"7":{"start":{"line":10,"column":28},"end":{"line":10,"column":56}},"8":{"start":{"line":11,"column":8},"end":{"line":13,"column":9}},"9":{"start":{"line":12,"column":12},"end":{"line":12,"column":73}},"10":{"start":{"line":15,"column":27},"end":{"line":15,"column":53}},"11":{"start":{"line":18,"column":8},"end":{"line":22,"column":9}},"12":{"start":{"line":19,"column":12},"end":{"line":19,"column":73}},"13":{"start":{"line":20,"column":15},"end":{"line":22,"column":9}},"14":{"start":{"line":21,"column":12},"end":{"line":21,"column":74}},"15":{"start":{"line":25,"column":47},"end":{"line":25,"column":55}},"16":{"start":{"line":26,"column":22},"end":{"line":31,"column":10}},"17":{"start":{"line":33,"column":8},"end":{"line":33,"column":36}},"18":{"start":{"line":35,"column":8},"end":{"line":35,"column":71}},"19":{"start":{"line":36,"column":8},"end":{"line":36,"column":80}},"20":{"start":{"line":40,"column":22},"end":{"line":59,"column":1}},"21":{"start":{"line":41,"column":4},"end":{"line":57,"column":5}},"22":{"start":{"line":43,"column":23},"end":{"line":43,"column":44}},"23":{"start":{"line":46,"column":8},"end":{"line":52,"column":9}},"24":{"start":{"line":48,"column":12},"end":{"line":48,"column":41}},"25":{"start":{"line":51,"column":12},"end":{"line":51,"column":68}},"26":{"start":{"line":55,"column":8},"end":{"line":55,"column":66}},"27":{"start":{"line":56,"column":8},"end":{"line":56,"column":78}},"28":{"start":{"line":60,"column":22},"end":{"line":82,"column":1}},"29":{"start":{"line":61,"column":4},"end":{"line":81,"column":5}},"30":{"start":{"line":63,"column":22},"end":{"line":67,"column":10}},"31":{"start":{"line":70,"column":8},"end":{"line":76,"column":9}},"32":{"start":{"line":72,"column":12},"end":{"line":72,"column":40}},"33":{"start":{"line":75,"column":12},"end":{"line":75,"column":68}},"34":{"start":{"line":79,"column":8},"end":{"line":79,"column":71}},"35":{"start":{"line":80,"column":8},"end":{"line":80,"column":79}},"36":{"start":{"line":83,"column":24},"end":{"line":129,"column":1}},"37":{"start":{"line":84,"column":4},"end":{"line":127,"column":5}},"38":{"start":{"line":86,"column":28},"end":{"line":86,"column":56}},"39":{"start":{"line":87,"column":8},"end":{"line":89,"column":9}},"40":{"start":{"line":88,"column":12},"end":{"line":88,"column":72}},"41":{"start":{"line":92,"column":27},"end":{"line":92,"column":53}},"42":{"start":{"line":95,"column":8},"end":{"line":99,"column":9}},"43":{"start":{"line":96,"column":12},"end":{"line":96,"column":73}},"44":{"start":{"line":97,"column":15},"end":{"line":99,"column":9}},"45":{"start":{"line":98,"column":12},"end":{"line":98,"column":74}},"46":{"start":{"line":102,"column":22},"end":{"line":102,"column":62}},"47":{"start":{"line":105,"column":8},"end":{"line":107,"column":9}},"48":{"start":{"line":106,"column":12},"end":{"line":106,"column":75}},"49":{"start":{"line":110,"column":24},"end":{"line":114,"column":10}},"50":{"start":{"line":117,"column":8},"end":{"line":121,"column":9}},"51":{"start":{"line":118,"column":12},"end":{"line":118,"column":67}},"52":{"start":{"line":120,"column":12},"end":{"line":120,"column":92}},"53":{"start":{"line":125,"column":8},"end":{"line":125,"column":74}},"54":{"start":{"line":126,"column":8},"end":{"line":126,"column":81}},"55":{"start":{"line":130,"column":24},"end":{"line":185,"column":1}},"56":{"start":{"line":132,"column":4},"end":{"line":183,"column":5}},"57":{"start":{"line":134,"column":28},"end":{"line":134,"column":56}},"58":{"start":{"line":135,"column":8},"end":{"line":137,"column":9}},"59":{"start":{"line":136,"column":12},"end":{"line":136,"column":72}},"60":{"start":{"line":140,"column":27},"end":{"line":140,"column":53}},"61":{"start":{"line":143,"column":8},"end":{"line":147,"column":9}},"62":{"start":{"line":144,"column":12},"end":{"line":144,"column":73}},"63":{"start":{"line":145,"column":15},"end":{"line":147,"column":9}},"64":{"start":{"line":146,"column":12},"end":{"line":146,"column":74}},"65":{"start":{"line":150,"column":30},"end":{"line":150,"column":70}},"66":{"start":{"line":153,"column":8},"end":{"line":155,"column":9}},"67":{"start":{"line":154,"column":12},"end":{"line":154,"column":75}},"68":{"start":{"line":158,"column":47},"end":{"line":158,"column":55}},"69":{"start":{"line":161,"column":35},"end":{"line":168,"column":9}},"70":{"start":{"line":171,"column":8},"end":{"line":177,"column":9}},"71":{"start":{"line":173,"column":33},"end":{"line":173,"column":73}},"72":{"start":{"line":174,"column":12},"end":{"line":174,"column":54}},"73":{"start":{"line":176,"column":12},"end":{"line":176,"column":91}},"74":{"start":{"line":181,"column":8},"end":{"line":181,"column":79}},"75":{"start":{"line":182,"column":8},"end":{"line":182,"column":80}},"76":{"start":{"line":188,"column":0},"end":{"line":194,"column":1}}},"fnMap":{"0":{"name":"(anonymous_0)","decl":{"start":{"line":7,"column":24},"end":{"line":7,"column":25}},"loc":{"start":{"line":7,"column":44},"end":{"line":39,"column":1}},"line":7},"1":{"name":"(anonymous_1)","decl":{"start":{"line":40,"column":22},"end":{"line":40,"column":23}},"loc":{"start":{"line":40,"column":42},"end":{"line":59,"column":1}},"line":40},"2":{"name":"(anonymous_2)","decl":{"start":{"line":60,"column":22},"end":{"line":60,"column":23}},"loc":{"start":{"line":60,"column":42},"end":{"line":82,"column":1}},"line":60},"3":{"name":"(anonymous_3)","decl":{"start":{"line":83,"column":24},"end":{"line":83,"column":25}},"loc":{"start":{"line":83,"column":44},"end":{"line":129,"column":1}},"line":83},"4":{"name":"(anonymous_4)","decl":{"start":{"line":130,"column":24},"end":{"line":130,"column":25}},"loc":{"start":{"line":130,"column":44},"end":{"line":185,"column":1}},"line":130}},"branchMap":{"0":{"loc":{"start":{"line":11,"column":8},"end":{"line":13,"column":9}},"type":"if","locations":[{"start":{"line":11,"column":8},"end":{"line":13,"column":9}},{"start":{},"end":{}}],"line":11},"1":{"loc":{"start":{"line":18,"column":8},"end":{"line":22,"column":9}},"type":"if","locations":[{"start":{"line":18,"column":8},"end":{"line":22,"column":9}},{"start":{"line":20,"column":15},"end":{"line":22,"column":9}}],"line":18},"2":{"loc":{"start":{"line":20,"column":15},"end":{"line":22,"column":9}},"type":"if","locations":[{"start":{"line":20,"column":15},"end":{"line":22,"column":9}},{"start":{},"end":{}}],"line":20},"3":{"loc":{"start":{"line":46,"column":8},"end":{"line":52,"column":9}},"type":"if","locations":[{"start":{"line":46,"column":8},"end":{"line":52,"column":9}},{"start":{"line":49,"column":15},"end":{"line":52,"column":9}}],"line":46},"4":{"loc":{"start":{"line":70,"column":8},"end":{"line":76,"column":9}},"type":"if","locations":[{"start":{"line":70,"column":8},"end":{"line":76,"column":9}},{"start":{"line":73,"column":15},"end":{"line":76,"column":9}}],"line":70},"5":{"loc":{"start":{"line":87,"column":8},"end":{"line":89,"column":9}},"type":"if","locations":[{"start":{"line":87,"column":8},"end":{"line":89,"column":9}},{"start":{},"end":{}}],"line":87},"6":{"loc":{"start":{"line":95,"column":8},"end":{"line":99,"column":9}},"type":"if","locations":[{"start":{"line":95,"column":8},"end":{"line":99,"column":9}},{"start":{"line":97,"column":15},"end":{"line":99,"column":9}}],"line":95},"7":{"loc":{"start":{"line":97,"column":15},"end":{"line":99,"column":9}},"type":"if","locations":[{"start":{"line":97,"column":15},"end":{"line":99,"column":9}},{"start":{},"end":{}}],"line":97},"8":{"loc":{"start":{"line":105,"column":8},"end":{"line":107,"column":9}},"type":"if","locations":[{"start":{"line":105,"column":8},"end":{"line":107,"column":9}},{"start":{},"end":{}}],"line":105},"9":{"loc":{"start":{"line":117,"column":8},"end":{"line":121,"column":9}},"type":"if","locations":[{"start":{"line":117,"column":8},"end":{"line":121,"column":9}},{"start":{"line":119,"column":15},"end":{"line":121,"column":9}}],"line":117},"10":{"loc":{"start":{"line":135,"column":8},"end":{"line":137,"column":9}},"type":"if","locations":[{"start":{"line":135,"column":8},"end":{"line":137,"column":9}},{"start":{},"end":{}}],"line":135},"11":{"loc":{"start":{"line":143,"column":8},"end":{"line":147,"column":9}},"type":"if","locations":[{"start":{"line":143,"column":8},"end":{"line":147,"column":9}},{"start":{"line":145,"column":15},"end":{"line":147,"column":9}}],"line":143},"12":{"loc":{"start":{"line":145,"column":15},"end":{"line":147,"column":9}},"type":"if","locations":[{"start":{"line":145,"column":15},"end":{"line":147,"column":9}},{"start":{},"end":{}}],"line":145},"13":{"loc":{"start":{"line":153,"column":8},"end":{"line":155,"column":9}},"type":"if","locations":[{"start":{"line":153,"column":8},"end":{"line":155,"column":9}},{"start":{},"end":{}}],"line":153},"14":{"loc":{"start":{"line":171,"column":8},"end":{"line":177,"column":9}},"type":"if","locations":[{"start":{"line":171,"column":8},"end":{"line":177,"column":9}},{"start":{"line":175,"column":15},"end":{"line":177,"column":9}}],"line":171}},"s":{"0":1,"1":1,"2":1,"3":1,"4":1,"5":1,"6":5,"7":5,"8":5,"9":1,"10":4,"11":3,"12":1,"13":2,"14":1,"15":1,"16":1,"17":1,"18":1,"19":1,"20":1,"21":0,"22":0,"23":0,"24":0,"25":0,"26":0,"27":0,"28":1,"29":0,"30":0,"31":0,"32":0,"33":0,"34":0,"35":0,"36":1,"37":0,"38":0,"39":0,"40":0,"41":0,"42":0,"43":0,"44":0,"45":0,"46":0,"47":0,"48":0,"49":0,"50":0,"51":0,"52":0,"53":0,"54":0,"55":1,"56":0,"57":0,"58":0,"59":0,"60":0,"61":0,"62":0,"63":0,"64":0,"65":0,"66":0,"67":0,"68":0,"69":0,"70":0,"71":0,"72":0,"73":0,"74":0,"75":0,"76":1},"f":{"0":5,"1":0,"2":0,"3":0,"4":0},"b":{"0":[1,4],"1":[1,2],"2":[1,1],"3":[0,0],"4":[0,0],"5":[0,0],"6":[0,0],"7":[0,0],"8":[0,0],"9":[0,0],"10":[0,0],"11":[0,0],"12":[0,0],"13":[0,0],"14":[0,0]},"_coverageSchema":"1a1c01bbd47fc00a2c39e90264f33305004495a9","hash":"a44fd5e9fd47a912d68c4c12cf9c2fae0b082154"}
,"/home/sam/dev/music-api/src/models/albumModel.js": {"path":"/home/sam/dev/music-api/src/models/albumModel.js","statementMap":{"0":{"start":{"line":1,"column":20},"end":{"line":1,"column":40}},"1":{"start":{"line":2,"column":0},"end":{"line":20,"column":2}},"2":{"start":{"line":4,"column":18},"end":{"line":17,"column":6}},"3":{"start":{"line":19,"column":4},"end":{"line":19,"column":17}}},"fnMap":{"0":{"name":"(anonymous_0)","decl":{"start":{"line":2,"column":17},"end":{"line":2,"column":18}},"loc":{"start":{"line":2,"column":43},"end":{"line":20,"column":1}},"line":2}},"branchMap":{},"s":{"0":1,"1":1,"2":1,"3":1},"f":{"0":1},"b":{},"_coverageSchema":"1a1c01bbd47fc00a2c39e90264f33305004495a9","hash":"82e73b73fbddedfc202ff9d19927fff76ee2f72f"}
,"/home/sam/dev/music-api/src/models/artistModel.js": {"path":"/home/sam/dev/music-api/src/models/artistModel.js","statementMap":{"0":{"start":{"line":1,"column":20},"end":{"line":1,"column":40}},"1":{"start":{"line":2,"column":0},"end":{"line":20,"column":2}},"2":{"start":{"line":5,"column":15},"end":{"line":18,"column":2}},"3":{"start":{"line":19,"column":4},"end":{"line":19,"column":18}}},"fnMap":{"0":{"name":"(anonymous_0)","decl":{"start":{"line":2,"column":17},"end":{"line":2,"column":18}},"loc":{"start":{"line":2,"column":43},"end":{"line":20,"column":1}},"line":2}},"branchMap":{},"s":{"0":1,"1":1,"2":1,"3":1},"f":{"0":1},"b":{},"_coverageSchema":"1a1c01bbd47fc00a2c39e90264f33305004495a9","hash":"14e662f3f937591236f9cd7fbecbb0b41e3e93cd"}
,"/home/sam/dev/music-api/src/models/categoryModel.js": {"path":"/home/sam/dev/music-api/src/models/categoryModel.js","statementMap":{"0":{"start":{"line":1,"column":20},"end":{"line":1,"column":40}},"1":{"start":{"line":2,"column":0},"end":{"line":17,"column":2}},"2":{"start":{"line":4,"column":21},"end":{"line":14,"column":6}},"3":{"start":{"line":16,"column":4},"end":{"line":16,"column":20}}},"fnMap":{"0":{"name":"(anonymous_0)","decl":{"start":{"line":2,"column":17},"end":{"line":2,"column":18}},"loc":{"start":{"line":2,"column":43},"end":{"line":17,"column":1}},"line":2}},"branchMap":{},"s":{"0":1,"1":1,"2":1,"3":1},"f":{"0":1},"b":{},"_coverageSchema":"1a1c01bbd47fc00a2c39e90264f33305004495a9","hash":"1dca00a9567d5eee3121e36fb1093eaf39619893"}
,"/home/sam/dev/music-api/src/models/model.js": {"path":"/home/sam/dev/music-api/src/models/model.js","statementMap":{"0":{"start":{"line":1,"column":33},"end":{"line":1,"column":53}},"1":{"start":{"line":2,"column":0},"end":{"line":2,"column":25}},"2":{"start":{"line":4,"column":18},"end":{"line":10,"column":2}},"3":{"start":{"line":11,"column":11},"end":{"line":11,"column":13}},"4":{"start":{"line":12,"column":0},"end":{"line":12,"column":25}},"5":{"start":{"line":13,"column":0},"end":{"line":13,"column":25}},"6":{"start":{"line":14,"column":0},"end":{"line":14,"column":57}},"7":{"start":{"line":15,"column":0},"end":{"line":15,"column":57}},"8":{"start":{"line":16,"column":0},"end":{"line":16,"column":59}},"9":{"start":{"line":17,"column":0},"end":{"line":17,"column":63}},"10":{"start":{"line":21,"column":0},"end":{"line":21,"column":55}},"11":{"start":{"line":27,"column":0},"end":{"line":27,"column":57}},"12":{"start":{"line":28,"column":0},"end":{"line":28,"column":63}},"13":{"start":{"line":29,"column":0},"end":{"line":29,"column":59}},"14":{"start":{"line":30,"column":0},"end":{"line":30,"column":59}},"15":{"start":{"line":33,"column":0},"end":{"line":33,"column":20}}},"fnMap":{},"branchMap":{},"s":{"0":1,"1":1,"2":1,"3":1,"4":1,"5":1,"6":1,"7":1,"8":1,"9":1,"10":1,"11":1,"12":1,"13":1,"14":1,"15":1},"f":{},"b":{},"_coverageSchema":"1a1c01bbd47fc00a2c39e90264f33305004495a9","hash":"e443711e0b78aa5913bff5e479d23a4b63715ab7"}
,"/home/sam/dev/music-api/src/models/musicModel.js": {"path":"/home/sam/dev/music-api/src/models/musicModel.js","statementMap":{"0":{"start":{"line":1,"column":20},"end":{"line":1,"column":40}},"1":{"start":{"line":2,"column":0},"end":{"line":22,"column":2}},"2":{"start":{"line":4,"column":14},"end":{"line":19,"column":2}},"3":{"start":{"line":21,"column":4},"end":{"line":21,"column":17}}},"fnMap":{"0":{"name":"(anonymous_0)","decl":{"start":{"line":2,"column":17},"end":{"line":2,"column":18}},"loc":{"start":{"line":2,"column":43},"end":{"line":22,"column":1}},"line":2}},"branchMap":{},"s":{"0":1,"1":1,"2":1,"3":1},"f":{"0":1},"b":{},"_coverageSchema":"1a1c01bbd47fc00a2c39e90264f33305004495a9","hash":"6bc27519ee06db2ecd18da2045e030fbdfa51d23"}
,"/home/sam/dev/music-api/src/models/userModel.js": {"path":"/home/sam/dev/music-api/src/models/userModel.js","statementMap":{"0":{"start":{"line":1,"column":20},"end":{"line":1,"column":40}},"1":{"start":{"line":2,"column":0},"end":{"line":31,"column":2}},"2":{"start":{"line":4,"column":13},"end":{"line":28,"column":2}},"3":{"start":{"line":30,"column":4},"end":{"line":30,"column":16}}},"fnMap":{"0":{"name":"(anonymous_0)","decl":{"start":{"line":2,"column":17},"end":{"line":2,"column":18}},"loc":{"start":{"line":2,"column":43},"end":{"line":31,"column":1}},"line":2}},"branchMap":{},"s":{"0":1,"1":1,"2":1,"3":1},"f":{"0":1},"b":{},"_coverageSchema":"1a1c01bbd47fc00a2c39e90264f33305004495a9","hash":"92fa4689692361c9856d73d3779b5a810a819dfa"}
}
